# JRE version: Java(TM) SE Runtime Environment (8.0_25-b17) (build 1.8.0_25-b17)
# Java VM: Java HotSpot(TM) 64-Bit Server VM (25.25-b02 mixed mode linux-amd64 compressed oops)
Heap:
 def new generation   total 4992K, used 3246K [0x00000000e0000000, 0x00000000e0560000, 0x00000000eaaa0000)
  eden space 4480K,  69% used [0x00000000e0000000, 0x00000000e03053a0, 0x00000000e0460000)
  from space 512K,  30% used [0x00000000e0460000, 0x00000000e0486760, 0x00000000e04e0000)
  to   space 512K,   0% used [0x00000000e04e0000, 0x00000000e04e0000, 0x00000000e0560000)
 tenured generation   total 10944K, used 8545K [0x00000000eaaa0000, 0x00000000eb550000, 0x0000000100000000)
   the space 10944K,  78% used [0x00000000eaaa0000, 0x00000000eb2f85a0, 0x00000000eb2f8600, 0x00000000eb550000)
 Metaspace       used 17777K, capacity 17958K, committed 18048K, reserved 1064960K
  class space    used 2319K, capacity 2361K, committed 2432K, reserved 1048576K
GC Heap History (10 events):
Event: 13.993 GC heap before
{Heap before GC invocations=69 (full 2):
 def new generation   total 4992K, used 4703K [0x00000000e0000000, 0x00000000e0560000, 0x00000000eaaa0000)
  eden space 4480K, 100% used [0x00000000e0000000, 0x00000000e0460000, 0x00000000e0460000)
  from space 512K,  43% used [0x00000000e04e0000, 0x00000000e0517d90, 0x00000000e0560000)
  to   space 512K,   0% used [0x00000000e0460000, 0x00000000e0460000, 0x00000000e04e0000)
 tenured generation   total 10944K, used 7235K [0x00000000eaaa0000, 0x00000000eb550000, 0x0000000100000000)
   the space 10944K,  66% used [0x00000000eaaa0000, 0x00000000eb1b0f80, 0x00000000eb1b1000, 0x00000000eb550000)
 Metaspace       used 17553K, capacity 17728K, committed 18048K, reserved 1064960K
  class space    used 2291K, capacity 2328K, committed 2432K, reserved 1048576K
Event: 13.994 GC heap after
Heap after GC invocations=70 (full 2):
 def new generation   total 4992K, used 462K [0x00000000e0000000, 0x00000000e0560000, 0x00000000eaaa0000)
  eden space 4480K,   0% used [0x00000000e0000000, 0x00000000e0000000, 0x00000000e0460000)
  from space 512K,  90% used [0x00000000e0460000, 0x00000000e04d3918, 0x00000000e04e0000)
  to   space 512K,   0% used [0x00000000e04e0000, 0x00000000e04e0000, 0x00000000e0560000)
 tenured generation   total 10944K, used 7235K [0x00000000eaaa0000, 0x00000000eb550000, 0x0000000100000000)
   the space 10944K,  66% used [0x00000000eaaa0000, 0x00000000eb1b0f80, 0x00000000eb1b1000, 0x00000000eb550000)
 Metaspace       used 17553K, capacity 17728K, committed 18048K, reserved 1064960K
  class space    used 2291K, capacity 2328K, committed 2432K, reserved 1048576K
}
Event: 14.056 GC heap before
{Heap before GC invocations=70 (full 2):
 def new generation   total 4992K, used 4942K [0x00000000e0000000, 0x00000000e0560000, 0x00000000eaaa0000)
  eden space 4480K, 100% used [0x00000000e0000000, 0x00000000e0460000, 0x00000000e0460000)
  from space 512K,  90% used [0x00000000e0460000, 0x00000000e04d3918, 0x00000000e04e0000)
  to   space 512K,   0% used [0x00000000e04e0000, 0x00000000e04e0000, 0x00000000e0560000)
 tenured generation   total 10944K, used 7235K [0x00000000eaaa0000, 0x00000000eb550000, 0x0000000100000000)
   the space 10944K,  66% used [0x00000000eaaa0000, 0x00000000eb1b0f80, 0x00000000eb1b1000, 0x00000000eb550000)
 Metaspace       used 17559K, capacity 17728K, committed 18048K, reserved 1064960K
  class space    used 2291K, capacity 2328K, committed 2432K, reserved 1048576K
Event: 14.058 GC heap after
Heap after GC invocations=71 (full 2):
 def new generation   total 4992K, used 243K [0x00000000e0000000, 0x00000000e0560000, 0x00000000eaaa0000)
  eden space 4480K,   0% used [0x00000000e0000000, 0x00000000e0000000, 0x00000000e0460000)
  from space 512K,  47% used [0x00000000e04e0000, 0x00000000e051cf90, 0x00000000e0560000)
  to   space 512K,   0% used [0x00000000e0460000, 0x00000000e0460000, 0x00000000e04e0000)
 tenured generation   total 10944K, used 7289K [0x00000000eaaa0000, 0x00000000eb550000, 0x0000000100000000)
   the space 10944K,  66% used [0x00000000eaaa0000, 0x00000000eb1be580, 0x00000000eb1be600, 0x00000000eb550000)
 Metaspace       used 17559K, capacity 17728K, committed 18048K, reserved 1064960K
  class space    used 2291K, capacity 2328K, committed 2432K, reserved 1048576K
}
Event: 15.379 GC heap before
{Heap before GC invocations=71 (full 2):
 def new generation   total 4992K, used 4723K [0x00000000e0000000, 0x00000000e0560000, 0x00000000eaaa0000)
  eden space 4480K, 100% used [0x00000000e0000000, 0x00000000e0460000, 0x00000000e0460000)
  from space 512K,  47% used [0x00000000e04e0000, 0x00000000e051cf90, 0x00000000e0560000)
  to   space 512K,   0% used [0x00000000e0460000, 0x00000000e0460000, 0x00000000e04e0000)
 tenured generation   total 10944K, used 7289K [0x00000000eaaa0000, 0x00000000eb550000, 0x0000000100000000)
   the space 10944K,  66% used [0x00000000eaaa0000, 0x00000000eb1be580, 0x00000000eb1be600, 0x00000000eb550000)
 Metaspace       used 17567K, capacity 17728K, committed 18048K, reserved 1064960K
  class space    used 2291K, capacity 2328K, committed 2432K, reserved 1048576K
Event: 15.698 GC heap after
Heap after GC invocations=72 (full 2):
 def new generation   total 4992K, used 512K [0x00000000e0000000, 0x00000000e0560000, 0x00000000eaaa0000)
  eden space 4480K,   0% used [0x00000000e0000000, 0x00000000e0000000, 0x00000000e0460000)
  from space 512K, 100% used [0x00000000e0460000, 0x00000000e04e0000, 0x00000000e04e0000)
  to   space 512K,   0% used [0x00000000e04e0000, 0x00000000e04e0000, 0x00000000e0560000)
 tenured generation   total 10944K, used 7892K [0x00000000eaaa0000, 0x00000000eb550000, 0x0000000100000000)
   the space 10944K,  72% used [0x00000000eaaa0000, 0x00000000eb255318, 0x00000000eb255400, 0x00000000eb550000)
 Metaspace       used 17567K, capacity 17728K, committed 18048K, reserved 1064960K
  class space    used 2291K, capacity 2328K, committed 2432K, reserved 1048576K
}
Event: 17.553 GC heap before
{Heap before GC invocations=72 (full 2):
 def new generation   total 4992K, used 4992K [0x00000000e0000000, 0x00000000e0560000, 0x00000000eaaa0000)
  eden space 4480K, 100% used [0x00000000e0000000, 0x00000000e0460000, 0x00000000e0460000)
  from space 512K, 100% used [0x00000000e0460000, 0x00000000e04e0000, 0x00000000e04e0000)
  to   space 512K,   0% used [0x00000000e04e0000, 0x00000000e04e0000, 0x00000000e0560000)
 tenured generation   total 10944K, used 7892K [0x00000000eaaa0000, 0x00000000eb550000, 0x0000000100000000)
   the space 10944K,  72% used [0x00000000eaaa0000, 0x00000000eb255318, 0x00000000eb255400, 0x00000000eb550000)
 Metaspace       used 17571K, capacity 17728K, committed 18048K, reserved 1064960K
  class space    used 2291K, capacity 2328K, committed 2432K, reserved 1048576K
Event: 18.277 GC heap after
Heap after GC invocations=73 (full 2):
 def new generation   total 4992K, used 411K [0x00000000e0000000, 0x00000000e0560000, 0x00000000eaaa0000)
  eden space 4480K,   0% used [0x00000000e0000000, 0x00000000e0000000, 0x00000000e0460000)
  from space 512K,  80% used [0x00000000e04e0000, 0x00000000e0546e10, 0x00000000e0560000)
  to   space 512K,   0% used [0x00000000e0460000, 0x00000000e0460000, 0x00000000e04e0000)
 tenured generation   total 10944K, used 8153K [0x00000000eaaa0000, 0x00000000eb550000, 0x0000000100000000)
   the space 10944K,  74% used [0x00000000eaaa0000, 0x00000000eb2964e0, 0x00000000eb296600, 0x00000000eb550000)
 Metaspace       used 17571K, capacity 17728K, committed 18048K, reserved 1064960K
  class space    used 2291K, capacity 2328K, committed 2432K, reserved 1048576K
}
Event: 21.901 GC heap before
{Heap before GC invocations=73 (full 2):
 def new generation   total 4992K, used 4891K [0x00000000e0000000, 0x00000000e0560000, 0x00000000eaaa0000)
  eden space 4480K, 100% used [0x00000000e0000000, 0x00000000e0460000, 0x00000000e0460000)
  from space 512K,  80% used [0x00000000e04e0000, 0x00000000e0546e10, 0x00000000e0560000)
  to   space 512K,   0% used [0x00000000e0460000, 0x00000000e0460000, 0x00000000e04e0000)
 tenured generation   total 10944K, used 8153K [0x00000000eaaa0000, 0x00000000eb550000, 0x0000000100000000)
   the space 10944K,  74% used [0x00000000eaaa0000, 0x00000000eb2964e0, 0x00000000eb296600, 0x00000000eb550000)
 Metaspace       used 17571K, capacity 17728K, committed 18048K, reserved 1064960K
  class space    used 2291K, capacity 2328K, committed 2432K, reserved 1048576K
Event: 22.325 GC heap after
Heap after GC invocations=74 (full 2):
 def new generation   total 4992K, used 153K [0x00000000e0000000, 0x00000000e0560000, 0x00000000eaaa0000)
  eden space 4480K,   0% used [0x00000000e0000000, 0x00000000e0000000, 0x00000000e0460000)
  from space 512K,  30% used [0x00000000e0460000, 0x00000000e0486760, 0x00000000e04e0000)
  to   space 512K,   0% used [0x00000000e04e0000, 0x00000000e04e0000, 0x00000000e0560000)
 tenured generation   total 10944K, used 8545K [0x00000000eaaa0000, 0x00000000eb550000, 0x0000000100000000)
   the space 10944K,  78% used [0x00000000eaaa0000, 0x00000000eb2f85a0, 0x00000000eb2f8600, 0x00000000eb550000)
 Metaspace       used 17571K, capacity 17728K, committed 18048K, reserved 1064960K
  class space    used 2291K, capacity 2328K, committed 2432K, reserved 1048576K
}

