<?xml version="1.0"?>
<!DOCTYPE coverage SYSTEM "http://cobertura.sourceforge.net/xml/coverage-04.dtd">

<coverage line-rate="0.7044198895027625" branch-rate="0.5471698113207547" lines-covered="255" lines-valid="362" branches-covered="116" branches-valid="212" complexity="2.744186046511628" version="2.0.3" timestamp="1417066401102">
	<sources>
		<source>/home/juliosueiras/Documents/GitHubRepo/java3FinalProject/julioVersion/java3FinalProject/src/main/java</source>
		<source>--source</source>
	</sources>
	<packages>
		<package name="pricing" line-rate="0.7044198895027625" branch-rate="0.5471698113207547" complexity="2.744186046511628">
			<classes>
				<class name="pricing.PriceSchedule" filename="pricing/PriceSchedule.java" line-rate="0.7619047619047619" branch-rate="1.0" complexity="1.0">
					<methods>
						<method name="&lt;init&gt;" signature="()V" line-rate="1.0" branch-rate="1.0">
							<lines>
								<line number="27" hits="38" branch="false"/>
								<line number="28" hits="38" branch="false"/>
							</lines>
						</method>
						<method name="&lt;init&gt;" signature="(Ljava/lang/String;Ljava/math/BigDecimal;Ljava/math/BigDecimal;Ljava/math/BigDecimal;)V" line-rate="1.0" branch-rate="1.0">
							<lines>
								<line number="20" hits="2" branch="false"/>
								<line number="21" hits="2" branch="false"/>
								<line number="22" hits="2" branch="false"/>
								<line number="23" hits="2" branch="false"/>
								<line number="24" hits="2" branch="false"/>
								<line number="25" hits="2" branch="false"/>
							</lines>
						</method>
						<method name="getTypeName" signature="()Ljava/lang/String;" line-rate="0.0" branch-rate="1.0">
							<lines>
								<line number="34" hits="0" branch="false"/>
							</lines>
						</method>
						<method name="getWeekdayRate" signature="()Ljava/math/BigDecimal;" line-rate="1.0" branch-rate="1.0">
							<lines>
								<line number="48" hits="1" branch="false"/>
							</lines>
						</method>
						<method name="getWeekendRate" signature="()Ljava/math/BigDecimal;" line-rate="1.0" branch-rate="1.0">
							<lines>
								<line number="62" hits="1" branch="false"/>
							</lines>
						</method>
						<method name="getWeeklyRate" signature="()Ljava/math/BigDecimal;" line-rate="0.0" branch-rate="1.0">
							<lines>
								<line number="76" hits="0" branch="false"/>
							</lines>
						</method>
						<method name="setTypeName" signature="(Ljava/lang/String;)V" line-rate="0.0" branch-rate="1.0">
							<lines>
								<line number="41" hits="0" branch="false"/>
								<line number="42" hits="0" branch="false"/>
							</lines>
						</method>
						<method name="setWeekdayRate" signature="(Ljava/math/BigDecimal;)V" line-rate="1.0" branch-rate="1.0">
							<lines>
								<line number="55" hits="38" branch="false"/>
								<line number="56" hits="38" branch="false"/>
							</lines>
						</method>
						<method name="setWeekendRate" signature="(Ljava/math/BigDecimal;)V" line-rate="1.0" branch-rate="1.0">
							<lines>
								<line number="69" hits="38" branch="false"/>
								<line number="70" hits="38" branch="false"/>
							</lines>
						</method>
						<method name="setWeeklyRate" signature="(Ljava/math/BigDecimal;)V" line-rate="1.0" branch-rate="1.0">
							<lines>
								<line number="83" hits="38" branch="false"/>
								<line number="84" hits="38" branch="false"/>
							</lines>
						</method>
						<method name="toString" signature="()Ljava/lang/String;" line-rate="0.0" branch-rate="1.0">
							<lines>
								<line number="88" hits="0" branch="false"/>
							</lines>
						</method>
					</methods>
					<lines>
						<line number="20" hits="2" branch="false"/>
						<line number="21" hits="2" branch="false"/>
						<line number="22" hits="2" branch="false"/>
						<line number="23" hits="2" branch="false"/>
						<line number="24" hits="2" branch="false"/>
						<line number="25" hits="2" branch="false"/>
						<line number="27" hits="38" branch="false"/>
						<line number="28" hits="38" branch="false"/>
						<line number="34" hits="0" branch="false"/>
						<line number="41" hits="0" branch="false"/>
						<line number="42" hits="0" branch="false"/>
						<line number="48" hits="1" branch="false"/>
						<line number="55" hits="38" branch="false"/>
						<line number="56" hits="38" branch="false"/>
						<line number="62" hits="1" branch="false"/>
						<line number="69" hits="38" branch="false"/>
						<line number="70" hits="38" branch="false"/>
						<line number="76" hits="0" branch="false"/>
						<line number="83" hits="38" branch="false"/>
						<line number="84" hits="38" branch="false"/>
						<line number="88" hits="0" branch="false"/>
					</lines>
				</class>
				<class name="pricing.RentalBean" filename="pricing/RentalBean.java" line-rate="0.9042553191489362" branch-rate="0.45652173913043476" complexity="1.5121951219512195">
					<methods>
						<method name="&lt;init&gt;" signature="()V" line-rate="1.0" branch-rate="1.0">
							<lines>
								<line number="37" hits="76" branch="false"/>
								<line number="39" hits="76" branch="false"/>
							</lines>
						</method>
						<method name="getCardNumber" signature="()Ljava/lang/String;" line-rate="1.0" branch-rate="1.0">
							<lines>
								<line number="222" hits="2" branch="false"/>
							</lines>
						</method>
						<method name="getCardType" signature="()Ljava/lang/String;" line-rate="1.0" branch-rate="1.0">
							<lines>
								<line number="208" hits="2" branch="false"/>
							</lines>
						</method>
						<method name="getCustomerNumber" signature="()I" line-rate="1.0" branch-rate="1.0">
							<lines>
								<line number="310" hits="2" branch="false"/>
							</lines>
						</method>
						<method name="getDropOffDayOfWeek" signature="()I" line-rate="1.0" branch-rate="1.0">
							<lines>
								<line number="349" hits="5" branch="false"/>
							</lines>
						</method>
						<method name="getDropoffDate" signature="()Ljava/util/Calendar;" line-rate="1.0" branch-rate="1.0">
							<lines>
								<line number="325" hits="5" branch="false"/>
								<line number="326" hits="5" branch="false"/>
								<line number="327" hits="5" branch="false"/>
							</lines>
						</method>
						<method name="getDropoffDay" signature="()I" line-rate="1.0" branch-rate="1.0">
							<lines>
								<line number="152" hits="13" branch="false"/>
							</lines>
						</method>
						<method name="getDropoffHour" signature="()I" line-rate="1.0" branch-rate="1.0">
							<lines>
								<line number="166" hits="3" branch="false"/>
							</lines>
						</method>
						<method name="getDropoffMin" signature="()I" line-rate="1.0" branch-rate="1.0">
							<lines>
								<line number="180" hits="2" branch="false"/>
							</lines>
						</method>
						<method name="getDropoffMon" signature="()I" line-rate="1.0" branch-rate="1.0">
							<lines>
								<line number="138" hits="7" branch="false"/>
							</lines>
						</method>
						<method name="getDropoffYear" signature="()I" line-rate="1.0" branch-rate="1.0">
							<lines>
								<line number="124" hits="7" branch="false"/>
							</lines>
						</method>
						<method name="getPickUpDayOfWeek" signature="()I" line-rate="1.0" branch-rate="1.0">
							<lines>
								<line number="338" hits="5" branch="false"/>
							</lines>
						</method>
						<method name="getPickupDate" signature="()Ljava/util/Calendar;" line-rate="1.0" branch-rate="1.0">
							<lines>
								<line number="318" hits="5" branch="false"/>
								<line number="319" hits="5" branch="false"/>
								<line number="320" hits="5" branch="false"/>
							</lines>
						</method>
						<method name="getPickupDay" signature="()I" line-rate="1.0" branch-rate="1.0">
							<lines>
								<line number="82" hits="13" branch="false"/>
							</lines>
						</method>
						<method name="getPickupHour" signature="()I" line-rate="1.0" branch-rate="1.0">
							<lines>
								<line number="96" hits="2" branch="false"/>
							</lines>
						</method>
						<method name="getPickupMin" signature="()I" line-rate="1.0" branch-rate="1.0">
							<lines>
								<line number="110" hits="2" branch="false"/>
							</lines>
						</method>
						<method name="getPickupMon" signature="()I" line-rate="1.0" branch-rate="1.0">
							<lines>
								<line number="68" hits="7" branch="false"/>
							</lines>
						</method>
						<method name="getPickupYear" signature="()I" line-rate="1.0" branch-rate="1.0">
							<lines>
								<line number="54" hits="7" branch="false"/>
							</lines>
						</method>
						<method name="getPrice" signature="()Ljava/math/BigDecimal;" line-rate="0.7307692307692307" branch-rate="0.5454545454545454">
							<lines>
								<line number="250" hits="1" branch="false"/>
								<line number="251" hits="1" branch="false"/>
								<line number="252" hits="1" branch="false"/>
								<line number="254" hits="1" branch="true" condition-coverage="50% (1/2)">
									<conditions>
										<condition number="0" type="jump" coverage="50%"/>
									</conditions>
								</line>
								<line number="255" hits="0" branch="false"/>
								<line number="257" hits="1" branch="true" condition-coverage="25% (1/4)">
									<conditions>
										<condition number="0" type="jump" coverage="50%"/>
										<condition number="1" type="jump" coverage="0%"/>
									</conditions>
								</line>
								<line number="258" hits="0" branch="true" condition-coverage="0% (0/2)">
									<conditions>
										<condition number="0" type="jump" coverage="0%"/>
									</conditions>
								</line>
								<line number="259" hits="0" branch="false"/>
								<line number="261" hits="0" branch="false"/>
								<line number="264" hits="1" branch="true" condition-coverage="50% (1/2)">
									<conditions>
										<condition number="0" type="jump" coverage="50%"/>
									</conditions>
								</line>
								<line number="265" hits="0" branch="false"/>
								<line number="267" hits="1" branch="false"/>
								<line number="270" hits="1" branch="true" condition-coverage="50% (1/2)">
									<conditions>
										<condition number="0" type="jump" coverage="50%"/>
									</conditions>
								</line>
								<line number="271" hits="1" branch="true" condition-coverage="50% (1/2)">
									<conditions>
										<condition number="0" type="jump" coverage="50%"/>
									</conditions>
								</line>
								<line number="272" hits="1" branch="false"/>
								<line number="275" hits="0" branch="false"/>
								<line number="278" hits="4" branch="true" condition-coverage="100% (2/2)">
									<conditions>
										<condition number="0" type="jump" coverage="100%"/>
									</conditions>
								</line>
								<line number="279" hits="3" branch="true" condition-coverage="100% (2/2)">
									<conditions>
										<condition number="0" type="jump" coverage="100%"/>
									</conditions>
								</line>
								<line number="280" hits="1" branch="false"/>
								<line number="281" hits="1" branch="false"/>
								<line number="282" hits="2" branch="true" condition-coverage="75% (3/4)">
									<conditions>
										<condition number="0" type="jump" coverage="100%"/>
										<condition number="1" type="jump" coverage="50%"/>
									</conditions>
								</line>
								<line number="283" hits="2" branch="false"/>
								<line number="285" hits="0" branch="false"/>
								<line number="287" hits="2" branch="false"/>
								<line number="290" hits="1" branch="false"/>
								<line number="292" hits="1" branch="false"/>
							</lines>
						</method>
						<method name="getPriceSchedule" signature="()Lpricing/PriceSchedule;" line-rate="1.0" branch-rate="1.0">
							<lines>
								<line number="47" hits="2" branch="false"/>
							</lines>
						</method>
						<method name="getRentalType" signature="()Ljava/lang/String;" line-rate="1.0" branch-rate="1.0">
							<lines>
								<line number="194" hits="2" branch="false"/>
							</lines>
						</method>
						<method name="getTaxRate" signature="()Ljava/math/BigDecimal;" line-rate="1.0" branch-rate="1.0">
							<lines>
								<line number="236" hits="2" branch="false"/>
							</lines>
						</method>
						<method name="isDropoffDateWeekend" signature="()Ljava/lang/Boolean;" line-rate="1.0" branch-rate="0.4166666666666667">
							<lines>
								<line number="342" hits="2" branch="true" condition-coverage="25% (1/4)">
									<conditions>
										<condition number="0" type="jump" coverage="50%"/>
										<condition number="1" type="jump" coverage="0%"/>
									</conditions>
								</line>
								<line number="343" hits="1" branch="true" condition-coverage="50% (1/2)">
									<conditions>
										<condition number="0" type="jump" coverage="50%"/>
									</conditions>
								</line>
								<line number="344" hits="1" branch="true" condition-coverage="50% (1/2)">
									<conditions>
										<condition number="0" type="jump" coverage="50%"/>
									</conditions>
								</line>
								<line number="345" hits="1" branch="true" condition-coverage="50% (2/4)">
									<conditions>
										<condition number="0" type="jump" coverage="50%"/>
										<condition number="1" type="jump" coverage="50%"/>
									</conditions>
								</line>
							</lines>
						</method>
						<method name="isPickupDateWeekend" signature="()Ljava/lang/Boolean;" line-rate="1.0" branch-rate="0.3333333333333333">
							<lines>
								<line number="331" hits="2" branch="true" condition-coverage="25% (1/4)">
									<conditions>
										<condition number="0" type="jump" coverage="50%"/>
										<condition number="1" type="jump" coverage="0%"/>
									</conditions>
								</line>
								<line number="332" hits="1" branch="true" condition-coverage="50% (1/2)">
									<conditions>
										<condition number="0" type="jump" coverage="50%"/>
									</conditions>
								</line>
								<line number="333" hits="1" branch="true" condition-coverage="50% (1/2)">
									<conditions>
										<condition number="0" type="jump" coverage="50%"/>
									</conditions>
								</line>
								<line number="334" hits="1" branch="true" condition-coverage="25% (1/4)">
									<conditions>
										<condition number="0" type="jump" coverage="50%"/>
										<condition number="1" type="jump" coverage="0%"/>
									</conditions>
								</line>
							</lines>
						</method>
						<method name="setCardNumber" signature="(Ljava/lang/String;)V" line-rate="1.0" branch-rate="1.0">
							<lines>
								<line number="229" hits="43" branch="false"/>
								<line number="230" hits="43" branch="false"/>
							</lines>
						</method>
						<method name="setCardType" signature="(Ljava/lang/String;)V" line-rate="1.0" branch-rate="1.0">
							<lines>
								<line number="215" hits="41" branch="false"/>
								<line number="216" hits="41" branch="false"/>
							</lines>
						</method>
						<method name="setCustomerNumber" signature="(I)V" line-rate="1.0" branch-rate="1.0">
							<lines>
								<line number="314" hits="41" branch="false"/>
								<line number="315" hits="41" branch="false"/>
							</lines>
						</method>
						<method name="setDropoffDay" signature="(I)V" line-rate="1.0" branch-rate="1.0">
							<lines>
								<line number="159" hits="41" branch="false"/>
								<line number="160" hits="41" branch="false"/>
							</lines>
						</method>
						<method name="setDropoffHour" signature="(I)V" line-rate="1.0" branch-rate="1.0">
							<lines>
								<line number="173" hits="41" branch="false"/>
								<line number="174" hits="41" branch="false"/>
							</lines>
						</method>
						<method name="setDropoffMin" signature="(I)V" line-rate="1.0" branch-rate="1.0">
							<lines>
								<line number="187" hits="39" branch="false"/>
								<line number="188" hits="39" branch="false"/>
							</lines>
						</method>
						<method name="setDropoffMon" signature="(I)V" line-rate="1.0" branch-rate="1.0">
							<lines>
								<line number="145" hits="41" branch="false"/>
								<line number="146" hits="41" branch="false"/>
							</lines>
						</method>
						<method name="setDropoffYear" signature="(I)V" line-rate="1.0" branch-rate="1.0">
							<lines>
								<line number="131" hits="41" branch="false"/>
								<line number="132" hits="41" branch="false"/>
							</lines>
						</method>
						<method name="setPickupDay" signature="(I)V" line-rate="1.0" branch-rate="1.0">
							<lines>
								<line number="89" hits="41" branch="false"/>
								<line number="90" hits="41" branch="false"/>
							</lines>
						</method>
						<method name="setPickupHour" signature="(I)V" line-rate="1.0" branch-rate="1.0">
							<lines>
								<line number="103" hits="41" branch="false"/>
								<line number="104" hits="41" branch="false"/>
							</lines>
						</method>
						<method name="setPickupMin" signature="(I)V" line-rate="1.0" branch-rate="1.0">
							<lines>
								<line number="117" hits="39" branch="false"/>
								<line number="118" hits="39" branch="false"/>
							</lines>
						</method>
						<method name="setPickupMon" signature="(I)V" line-rate="1.0" branch-rate="1.0">
							<lines>
								<line number="75" hits="41" branch="false"/>
								<line number="76" hits="41" branch="false"/>
							</lines>
						</method>
						<method name="setPickupYear" signature="(I)V" line-rate="1.0" branch-rate="1.0">
							<lines>
								<line number="61" hits="41" branch="false"/>
								<line number="62" hits="41" branch="false"/>
							</lines>
						</method>
						<method name="setPrice" signature="(Ljava/math/BigDecimal;)V" line-rate="0.0" branch-rate="1.0">
							<lines>
								<line number="299" hits="0" branch="false"/>
								<line number="300" hits="0" branch="false"/>
							</lines>
						</method>
						<method name="setPriceSchedule" signature="(Lpricing/PriceSchedule;)V" line-rate="1.0" branch-rate="1.0">
							<lines>
								<line number="306" hits="40" branch="false"/>
								<line number="307" hits="40" branch="false"/>
							</lines>
						</method>
						<method name="setRentalType" signature="(Ljava/lang/String;)V" line-rate="1.0" branch-rate="1.0">
							<lines>
								<line number="201" hits="41" branch="false"/>
								<line number="202" hits="41" branch="false"/>
							</lines>
						</method>
						<method name="setTaxRate" signature="(Ljava/math/BigDecimal;)V" line-rate="1.0" branch-rate="1.0">
							<lines>
								<line number="243" hits="2" branch="false"/>
								<line number="244" hits="2" branch="false"/>
							</lines>
						</method>
					</methods>
					<lines>
						<line number="37" hits="76" branch="false"/>
						<line number="39" hits="76" branch="false"/>
						<line number="47" hits="2" branch="false"/>
						<line number="54" hits="7" branch="false"/>
						<line number="61" hits="41" branch="false"/>
						<line number="62" hits="41" branch="false"/>
						<line number="68" hits="7" branch="false"/>
						<line number="75" hits="41" branch="false"/>
						<line number="76" hits="41" branch="false"/>
						<line number="82" hits="13" branch="false"/>
						<line number="89" hits="41" branch="false"/>
						<line number="90" hits="41" branch="false"/>
						<line number="96" hits="2" branch="false"/>
						<line number="103" hits="41" branch="false"/>
						<line number="104" hits="41" branch="false"/>
						<line number="110" hits="2" branch="false"/>
						<line number="117" hits="39" branch="false"/>
						<line number="118" hits="39" branch="false"/>
						<line number="124" hits="7" branch="false"/>
						<line number="131" hits="41" branch="false"/>
						<line number="132" hits="41" branch="false"/>
						<line number="138" hits="7" branch="false"/>
						<line number="145" hits="41" branch="false"/>
						<line number="146" hits="41" branch="false"/>
						<line number="152" hits="13" branch="false"/>
						<line number="159" hits="41" branch="false"/>
						<line number="160" hits="41" branch="false"/>
						<line number="166" hits="3" branch="false"/>
						<line number="173" hits="41" branch="false"/>
						<line number="174" hits="41" branch="false"/>
						<line number="180" hits="2" branch="false"/>
						<line number="187" hits="39" branch="false"/>
						<line number="188" hits="39" branch="false"/>
						<line number="194" hits="2" branch="false"/>
						<line number="201" hits="41" branch="false"/>
						<line number="202" hits="41" branch="false"/>
						<line number="208" hits="2" branch="false"/>
						<line number="215" hits="41" branch="false"/>
						<line number="216" hits="41" branch="false"/>
						<line number="222" hits="2" branch="false"/>
						<line number="229" hits="43" branch="false"/>
						<line number="230" hits="43" branch="false"/>
						<line number="236" hits="2" branch="false"/>
						<line number="243" hits="2" branch="false"/>
						<line number="244" hits="2" branch="false"/>
						<line number="250" hits="1" branch="false"/>
						<line number="251" hits="1" branch="false"/>
						<line number="252" hits="1" branch="false"/>
						<line number="254" hits="1" branch="true" condition-coverage="50% (1/2)">
							<conditions>
								<condition number="0" type="jump" coverage="50%"/>
							</conditions>
						</line>
						<line number="255" hits="0" branch="false"/>
						<line number="257" hits="1" branch="true" condition-coverage="25% (1/4)">
							<conditions>
								<condition number="0" type="jump" coverage="50%"/>
								<condition number="1" type="jump" coverage="0%"/>
							</conditions>
						</line>
						<line number="258" hits="0" branch="true" condition-coverage="0% (0/2)">
							<conditions>
								<condition number="0" type="jump" coverage="0%"/>
							</conditions>
						</line>
						<line number="259" hits="0" branch="false"/>
						<line number="261" hits="0" branch="false"/>
						<line number="264" hits="1" branch="true" condition-coverage="50% (1/2)">
							<conditions>
								<condition number="0" type="jump" coverage="50%"/>
							</conditions>
						</line>
						<line number="265" hits="0" branch="false"/>
						<line number="267" hits="1" branch="false"/>
						<line number="270" hits="1" branch="true" condition-coverage="50% (1/2)">
							<conditions>
								<condition number="0" type="jump" coverage="50%"/>
							</conditions>
						</line>
						<line number="271" hits="1" branch="true" condition-coverage="50% (1/2)">
							<conditions>
								<condition number="0" type="jump" coverage="50%"/>
							</conditions>
						</line>
						<line number="272" hits="1" branch="false"/>
						<line number="275" hits="0" branch="false"/>
						<line number="278" hits="4" branch="true" condition-coverage="100% (2/2)">
							<conditions>
								<condition number="0" type="jump" coverage="100%"/>
							</conditions>
						</line>
						<line number="279" hits="3" branch="true" condition-coverage="100% (2/2)">
							<conditions>
								<condition number="0" type="jump" coverage="100%"/>
							</conditions>
						</line>
						<line number="280" hits="1" branch="false"/>
						<line number="281" hits="1" branch="false"/>
						<line number="282" hits="2" branch="true" condition-coverage="75% (3/4)">
							<conditions>
								<condition number="0" type="jump" coverage="100%"/>
								<condition number="1" type="jump" coverage="50%"/>
							</conditions>
						</line>
						<line number="283" hits="2" branch="false"/>
						<line number="285" hits="0" branch="false"/>
						<line number="287" hits="2" branch="false"/>
						<line number="290" hits="1" branch="false"/>
						<line number="292" hits="1" branch="false"/>
						<line number="299" hits="0" branch="false"/>
						<line number="300" hits="0" branch="false"/>
						<line number="306" hits="40" branch="false"/>
						<line number="307" hits="40" branch="false"/>
						<line number="310" hits="2" branch="false"/>
						<line number="314" hits="41" branch="false"/>
						<line number="315" hits="41" branch="false"/>
						<line number="318" hits="5" branch="false"/>
						<line number="319" hits="5" branch="false"/>
						<line number="320" hits="5" branch="false"/>
						<line number="325" hits="5" branch="false"/>
						<line number="326" hits="5" branch="false"/>
						<line number="327" hits="5" branch="false"/>
						<line number="331" hits="2" branch="true" condition-coverage="25% (1/4)">
							<conditions>
								<condition number="0" type="jump" coverage="50%"/>
								<condition number="1" type="jump" coverage="0%"/>
							</conditions>
						</line>
						<line number="332" hits="1" branch="true" condition-coverage="50% (1/2)">
							<conditions>
								<condition number="0" type="jump" coverage="50%"/>
							</conditions>
						</line>
						<line number="333" hits="1" branch="true" condition-coverage="50% (1/2)">
							<conditions>
								<condition number="0" type="jump" coverage="50%"/>
							</conditions>
						</line>
						<line number="334" hits="1" branch="true" condition-coverage="25% (1/4)">
							<conditions>
								<condition number="0" type="jump" coverage="50%"/>
								<condition number="1" type="jump" coverage="0%"/>
							</conditions>
						</line>
						<line number="338" hits="5" branch="false"/>
						<line number="342" hits="2" branch="true" condition-coverage="25% (1/4)">
							<conditions>
								<condition number="0" type="jump" coverage="50%"/>
								<condition number="1" type="jump" coverage="0%"/>
							</conditions>
						</line>
						<line number="343" hits="1" branch="true" condition-coverage="50% (1/2)">
							<conditions>
								<condition number="0" type="jump" coverage="50%"/>
							</conditions>
						</line>
						<line number="344" hits="1" branch="true" condition-coverage="50% (1/2)">
							<conditions>
								<condition number="0" type="jump" coverage="50%"/>
							</conditions>
						</line>
						<line number="345" hits="1" branch="true" condition-coverage="50% (2/4)">
							<conditions>
								<condition number="0" type="jump" coverage="50%"/>
								<condition number="1" type="jump" coverage="50%"/>
							</conditions>
						</line>
						<line number="349" hits="5" branch="false"/>
					</lines>
				</class>
				<class name="pricing.RentalFormValidator" filename="pricing/RentalFormValidator.java" line-rate="0.7439613526570048" branch-rate="0.59375" complexity="5.266666666666667">
					<methods>
						<method name="&lt;init&gt;" signature="(Ljavax/servlet/http/HttpServletRequest;)V" line-rate="1.0" branch-rate="1.0">
							<lines>
								<line number="21" hits="30" branch="false"/>
								<line number="23" hits="30" branch="false"/>
								<line number="24" hits="30" branch="false"/>
								<line number="25" hits="30" branch="false"/>
								<line number="26" hits="30" branch="false"/>
							</lines>
						</method>
						<method name="getBean" signature="()Lpricing/RentalBean;" line-rate="1.0" branch-rate="1.0">
							<lines>
								<line number="426" hits="2" branch="false"/>
							</lines>
						</method>
						<method name="getErrorCodes" signature="()Ljava/util/ArrayList;" line-rate="1.0" branch-rate="1.0">
							<lines>
								<line number="143" hits="2" branch="false"/>
							</lines>
						</method>
						<method name="isCarTypeInRange" signature="()Z" line-rate="1.0" branch-rate="0.625">
							<lines>
								<line number="356" hits="3" branch="true" condition-coverage="50% (1/2)">
									<conditions>
										<condition number="0" type="jump" coverage="50%"/>
									</conditions>
								</line>
								<line number="357" hits="3" branch="true" condition-coverage="100% (2/2)">
									<conditions>
										<condition number="0" type="jump" coverage="100%"/>
									</conditions>
								</line>
								<line number="358" hits="1" branch="true" condition-coverage="50% (1/2)">
									<conditions>
										<condition number="0" type="jump" coverage="50%"/>
									</conditions>
								</line>
								<line number="359" hits="1" branch="true" condition-coverage="50% (1/2)">
									<conditions>
										<condition number="0" type="jump" coverage="50%"/>
									</conditions>
								</line>
								<line number="360" hits="2" branch="false"/>
								<line number="362" hits="1" branch="false"/>
								<line number="363" hits="1" branch="false"/>
							</lines>
						</method>
						<method name="isCarTypeNull" signature="()Z" line-rate="1.0" branch-rate="0.75">
							<lines>
								<line number="348" hits="3" branch="true" condition-coverage="75% (3/4)">
									<conditions>
										<condition number="0" type="jump" coverage="100%"/>
										<condition number="1" type="jump" coverage="50%"/>
									</conditions>
								</line>
								<line number="349" hits="1" branch="false"/>
								<line number="350" hits="1" branch="false"/>
								<line number="352" hits="2" branch="false"/>
							</lines>
						</method>
						<method name="isCreditCardNoInRange" signature="()Z" line-rate="0.5333333333333333" branch-rate="0.22727272727272727">
							<lines>
								<line number="399" hits="3" branch="false"/>
								<line number="400" hits="3" branch="false"/>
								<line number="402" hits="3" branch="true" condition-coverage="50% (1/2)">
									<conditions>
										<condition number="0" type="jump" coverage="50%"/>
									</conditions>
								</line>
								<line number="403" hits="3" branch="true" condition-coverage="100% (2/2)">
									<conditions>
										<condition number="0" type="jump" coverage="100%"/>
									</conditions>
								</line>
								<line number="404" hits="2" branch="true" condition-coverage="50% (2/4)">
									<conditions>
										<condition number="0" type="jump" coverage="50%"/>
										<condition number="1" type="jump" coverage="50%"/>
									</conditions>
								</line>
								<line number="405" hits="2" branch="false"/>
								<line number="408" hits="1" branch="false"/>
								<line number="409" hits="1" branch="false"/>
								<line number="411" hits="0" branch="true" condition-coverage="0% (0/2)">
									<conditions>
										<condition number="0" type="jump" coverage="0%"/>
									</conditions>
								</line>
								<line number="412" hits="0" branch="true" condition-coverage="0% (0/10)">
									<conditions>
										<condition number="0" type="jump" coverage="0%"/>
										<condition number="1" type="jump" coverage="0%"/>
										<condition number="2" type="jump" coverage="0%"/>
										<condition number="3" type="jump" coverage="0%"/>
										<condition number="4" type="jump" coverage="0%"/>
									</conditions>
								</line>
								<line number="413" hits="0" branch="true" condition-coverage="0% (0/2)">
									<conditions>
										<condition number="0" type="jump" coverage="0%"/>
									</conditions>
								</line>
								<line number="414" hits="0" branch="false"/>
								<line number="415" hits="0" branch="false"/>
								<line number="418" hits="0" branch="false"/>
								<line number="421" hits="0" branch="false"/>
							</lines>
						</method>
						<method name="isCreditCardNoNull" signature="()Z" line-rate="1.0" branch-rate="0.75">
							<lines>
								<line number="391" hits="3" branch="true" condition-coverage="75% (3/4)">
									<conditions>
										<condition number="0" type="jump" coverage="100%"/>
										<condition number="1" type="jump" coverage="50%"/>
									</conditions>
								</line>
								<line number="392" hits="1" branch="false"/>
								<line number="393" hits="1" branch="false"/>
								<line number="395" hits="2" branch="false"/>
							</lines>
						</method>
						<method name="isCreditCardTypeInRange" signature="()Z" line-rate="0.2857142857142857" branch-rate="0.25">
							<lines>
								<line number="377" hits="3" branch="true" condition-coverage="50% (1/2)">
									<conditions>
										<condition number="0" type="jump" coverage="50%"/>
									</conditions>
								</line>
								<line number="378" hits="0" branch="true" condition-coverage="0% (0/2)">
									<conditions>
										<condition number="0" type="jump" coverage="0%"/>
									</conditions>
								</line>
								<line number="379" hits="3" branch="false"/>
								<line number="381" hits="0" branch="false"/>
								<line number="382" hits="0" branch="false"/>
								<line number="385" hits="0" branch="false"/>
								<line number="386" hits="0" branch="false"/>
							</lines>
						</method>
						<method name="isCreditCardTypeNull" signature="()Z" line-rate="1.0" branch-rate="0.75">
							<lines>
								<line number="368" hits="3" branch="true" condition-coverage="75% (3/4)">
									<conditions>
										<condition number="0" type="jump" coverage="100%"/>
										<condition number="1" type="jump" coverage="50%"/>
									</conditions>
								</line>
								<line number="369" hits="1" branch="false"/>
								<line number="370" hits="1" branch="false"/>
								<line number="372" hits="2" branch="false"/>
							</lines>
						</method>
						<method name="isCustomerNull" signature="()Z" line-rate="0.7142857142857143" branch-rate="1.0">
							<lines>
								<line number="148" hits="4" branch="true" condition-coverage="100% (2/2)">
									<conditions>
										<condition number="0" type="jump" coverage="100%"/>
									</conditions>
								</line>
								<line number="149" hits="1" branch="false"/>
								<line number="150" hits="1" branch="false"/>
								<line number="152" hits="0" branch="false"/>
								<line number="153" hits="0" branch="false"/>
								<line number="154" hits="3" branch="false"/>
								<line number="155" hits="3" branch="false"/>
							</lines>
						</method>
						<method name="isCustomerNumeric" signature="()Z" line-rate="1.0" branch-rate="1.0">
							<lines>
								<line number="160" hits="3" branch="false"/>
								<line number="161" hits="2" branch="false"/>
								<line number="162" hits="2" branch="false"/>
								<line number="163" hits="2" branch="false"/>
								<line number="164" hits="1" branch="false"/>
								<line number="166" hits="1" branch="false"/>
							</lines>
						</method>
						<method name="isDropoffDayInRange" signature="()Z" line-rate="0.6666666666666666" branch-rate="0.75">
							<lines>
								<line number="268" hits="3" branch="true" condition-coverage="75% (3/4)">
									<conditions>
										<condition number="0" type="jump" coverage="100%"/>
										<condition number="1" type="jump" coverage="50%"/>
									</conditions>
								</line>
								<line number="269" hits="1" branch="false"/>
								<line number="270" hits="1" branch="false"/>
								<line number="273" hits="2" branch="false"/>
								<line number="275" hits="0" branch="false"/>
								<line number="276" hits="0" branch="false"/>
							</lines>
						</method>
						<method name="isDropoffDayNull" signature="()Z" line-rate="1.0" branch-rate="0.75">
							<lines>
								<line number="259" hits="3" branch="true" condition-coverage="75% (3/4)">
									<conditions>
										<condition number="0" type="jump" coverage="100%"/>
										<condition number="1" type="jump" coverage="50%"/>
									</conditions>
								</line>
								<line number="260" hits="1" branch="false"/>
								<line number="261" hits="1" branch="false"/>
								<line number="263" hits="2" branch="false"/>
							</lines>
						</method>
						<method name="isDropoffHourInRange" signature="()Z" line-rate="0.6666666666666666" branch-rate="0.75">
							<lines>
								<line number="335" hits="3" branch="true" condition-coverage="75% (3/4)">
									<conditions>
										<condition number="0" type="jump" coverage="50%"/>
										<condition number="1" type="jump" coverage="100%"/>
									</conditions>
								</line>
								<line number="336" hits="1" branch="false"/>
								<line number="337" hits="1" branch="false"/>
								<line number="340" hits="2" branch="false"/>
								<line number="342" hits="0" branch="false"/>
								<line number="343" hits="0" branch="false"/>
							</lines>
						</method>
						<method name="isDropoffHourNull" signature="()Z" line-rate="1.0" branch-rate="0.75">
							<lines>
								<line number="326" hits="3" branch="true" condition-coverage="75% (3/4)">
									<conditions>
										<condition number="0" type="jump" coverage="100%"/>
										<condition number="1" type="jump" coverage="50%"/>
									</conditions>
								</line>
								<line number="327" hits="1" branch="false"/>
								<line number="328" hits="1" branch="false"/>
								<line number="330" hits="2" branch="false"/>
							</lines>
						</method>
						<method name="isDropoffMonthInRange" signature="()Z" line-rate="0.6666666666666666" branch-rate="0.75">
							<lines>
								<line number="290" hits="3" branch="true" condition-coverage="75% (3/4)">
									<conditions>
										<condition number="0" type="jump" coverage="50%"/>
										<condition number="1" type="jump" coverage="100%"/>
									</conditions>
								</line>
								<line number="291" hits="1" branch="false"/>
								<line number="292" hits="1" branch="false"/>
								<line number="295" hits="2" branch="false"/>
								<line number="297" hits="0" branch="false"/>
								<line number="298" hits="0" branch="false"/>
							</lines>
						</method>
						<method name="isDropoffMonthNull" signature="()Z" line-rate="1.0" branch-rate="0.75">
							<lines>
								<line number="281" hits="3" branch="true" condition-coverage="75% (3/4)">
									<conditions>
										<condition number="0" type="jump" coverage="100%"/>
										<condition number="1" type="jump" coverage="50%"/>
									</conditions>
								</line>
								<line number="282" hits="1" branch="false"/>
								<line number="283" hits="1" branch="false"/>
								<line number="285" hits="2" branch="false"/>
							</lines>
						</method>
						<method name="isDropoffYearInRange" signature="()Z" line-rate="0.6666666666666666" branch-rate="0.75">
							<lines>
								<line number="312" hits="3" branch="true" condition-coverage="75% (3/4)">
									<conditions>
										<condition number="0" type="jump" coverage="100%"/>
										<condition number="1" type="jump" coverage="50%"/>
									</conditions>
								</line>
								<line number="313" hits="2" branch="false"/>
								<line number="315" hits="1" branch="false"/>
								<line number="316" hits="1" branch="false"/>
								<line number="320" hits="0" branch="false"/>
								<line number="321" hits="0" branch="false"/>
							</lines>
						</method>
						<method name="isDropoffYearNull" signature="()Z" line-rate="1.0" branch-rate="0.75">
							<lines>
								<line number="303" hits="3" branch="true" condition-coverage="75% (3/4)">
									<conditions>
										<condition number="0" type="jump" coverage="100%"/>
										<condition number="1" type="jump" coverage="50%"/>
									</conditions>
								</line>
								<line number="304" hits="1" branch="false"/>
								<line number="305" hits="1" branch="false"/>
								<line number="307" hits="2" branch="false"/>
							</lines>
						</method>
						<method name="isPickupDayInRange" signature="()Z" line-rate="0.6666666666666666" branch-rate="0.75">
							<lines>
								<line number="179" hits="3" branch="true" condition-coverage="75% (3/4)">
									<conditions>
										<condition number="0" type="jump" coverage="50%"/>
										<condition number="1" type="jump" coverage="100%"/>
									</conditions>
								</line>
								<line number="180" hits="1" branch="false"/>
								<line number="181" hits="1" branch="false"/>
								<line number="183" hits="2" branch="false"/>
								<line number="185" hits="0" branch="false"/>
								<line number="186" hits="0" branch="false"/>
							</lines>
						</method>
						<method name="isPickupDayNull" signature="()Z" line-rate="1.0" branch-rate="0.75">
							<lines>
								<line number="170" hits="3" branch="true" condition-coverage="75% (3/4)">
									<conditions>
										<condition number="0" type="jump" coverage="100%"/>
										<condition number="1" type="jump" coverage="50%"/>
									</conditions>
								</line>
								<line number="171" hits="1" branch="false"/>
								<line number="172" hits="1" branch="false"/>
								<line number="174" hits="2" branch="false"/>
							</lines>
						</method>
						<method name="isPickupHourInRange" signature="()Z" line-rate="0.6666666666666666" branch-rate="0.75">
							<lines>
								<line number="246" hits="3" branch="true" condition-coverage="75% (3/4)">
									<conditions>
										<condition number="0" type="jump" coverage="50%"/>
										<condition number="1" type="jump" coverage="100%"/>
									</conditions>
								</line>
								<line number="247" hits="1" branch="false"/>
								<line number="248" hits="1" branch="false"/>
								<line number="251" hits="2" branch="false"/>
								<line number="253" hits="0" branch="false"/>
								<line number="254" hits="0" branch="false"/>
							</lines>
						</method>
						<method name="isPickupHourNull" signature="()Z" line-rate="1.0" branch-rate="0.75">
							<lines>
								<line number="237" hits="3" branch="true" condition-coverage="75% (3/4)">
									<conditions>
										<condition number="0" type="jump" coverage="100%"/>
										<condition number="1" type="jump" coverage="50%"/>
									</conditions>
								</line>
								<line number="238" hits="1" branch="false"/>
								<line number="239" hits="1" branch="false"/>
								<line number="241" hits="2" branch="false"/>
							</lines>
						</method>
						<method name="isPickupMonthInRange" signature="()Z" line-rate="0.6666666666666666" branch-rate="0.75">
							<lines>
								<line number="201" hits="3" branch="true" condition-coverage="75% (3/4)">
									<conditions>
										<condition number="0" type="jump" coverage="50%"/>
										<condition number="1" type="jump" coverage="100%"/>
									</conditions>
								</line>
								<line number="202" hits="1" branch="false"/>
								<line number="203" hits="1" branch="false"/>
								<line number="206" hits="2" branch="false"/>
								<line number="208" hits="0" branch="false"/>
								<line number="209" hits="0" branch="false"/>
							</lines>
						</method>
						<method name="isPickupMonthNull" signature="()Z" line-rate="1.0" branch-rate="0.75">
							<lines>
								<line number="192" hits="3" branch="true" condition-coverage="75% (3/4)">
									<conditions>
										<condition number="0" type="jump" coverage="100%"/>
										<condition number="1" type="jump" coverage="50%"/>
									</conditions>
								</line>
								<line number="193" hits="1" branch="false"/>
								<line number="194" hits="1" branch="false"/>
								<line number="196" hits="2" branch="false"/>
							</lines>
						</method>
						<method name="isPickupYearInRange" signature="()Z" line-rate="0.6666666666666666" branch-rate="0.75">
							<lines>
								<line number="223" hits="3" branch="true" condition-coverage="75% (3/4)">
									<conditions>
										<condition number="0" type="jump" coverage="100%"/>
										<condition number="1" type="jump" coverage="50%"/>
									</conditions>
								</line>
								<line number="224" hits="2" branch="false"/>
								<line number="226" hits="1" branch="false"/>
								<line number="227" hits="1" branch="false"/>
								<line number="231" hits="0" branch="false"/>
								<line number="232" hits="0" branch="false"/>
							</lines>
						</method>
						<method name="isPickupYearNull" signature="()Z" line-rate="1.0" branch-rate="0.75">
							<lines>
								<line number="214" hits="3" branch="true" condition-coverage="75% (3/4)">
									<conditions>
										<condition number="0" type="jump" coverage="100%"/>
										<condition number="1" type="jump" coverage="50%"/>
									</conditions>
								</line>
								<line number="215" hits="1" branch="false"/>
								<line number="216" hits="1" branch="false"/>
								<line number="218" hits="2" branch="false"/>
							</lines>
						</method>
						<method name="isValid" signature="()Z" line-rate="0.6290322580645161" branch-rate="0.5208333333333334">
							<lines>
								<line number="29" hits="2" branch="false"/>
								<line number="31" hits="2" branch="true" condition-coverage="50% (1/2)">
									<conditions>
										<condition number="0" type="jump" coverage="50%"/>
									</conditions>
								</line>
								<line number="32" hits="0" branch="false"/>
								<line number="34" hits="2" branch="true" condition-coverage="100% (2/2)">
									<conditions>
										<condition number="0" type="jump" coverage="100%"/>
									</conditions>
								</line>
								<line number="35" hits="1" branch="false"/>
								<line number="37" hits="1" branch="false"/>
								<line number="39" hits="2" branch="true" condition-coverage="50% (1/2)">
									<conditions>
										<condition number="0" type="jump" coverage="50%"/>
									</conditions>
								</line>
								<line number="40" hits="0" branch="false"/>
								<line number="42" hits="2" branch="true" condition-coverage="50% (1/2)">
									<conditions>
										<condition number="0" type="jump" coverage="50%"/>
									</conditions>
								</line>
								<line number="43" hits="0" branch="false"/>
								<line number="45" hits="2" branch="false"/>
								<line number="47" hits="2" branch="true" condition-coverage="50% (1/2)">
									<conditions>
										<condition number="0" type="jump" coverage="50%"/>
									</conditions>
								</line>
								<line number="48" hits="0" branch="false"/>
								<line number="50" hits="2" branch="true" condition-coverage="50% (1/2)">
									<conditions>
										<condition number="0" type="jump" coverage="50%"/>
									</conditions>
								</line>
								<line number="51" hits="0" branch="false"/>
								<line number="53" hits="2" branch="false"/>
								<line number="56" hits="2" branch="true" condition-coverage="50% (1/2)">
									<conditions>
										<condition number="0" type="jump" coverage="50%"/>
									</conditions>
								</line>
								<line number="57" hits="0" branch="false"/>
								<line number="59" hits="2" branch="true" condition-coverage="50% (1/2)">
									<conditions>
										<condition number="0" type="jump" coverage="50%"/>
									</conditions>
								</line>
								<line number="60" hits="0" branch="false"/>
								<line number="62" hits="2" branch="false"/>
								<line number="65" hits="2" branch="true" condition-coverage="50% (1/2)">
									<conditions>
										<condition number="0" type="jump" coverage="50%"/>
									</conditions>
								</line>
								<line number="66" hits="0" branch="false"/>
								<line number="68" hits="2" branch="true" condition-coverage="50% (1/2)">
									<conditions>
										<condition number="0" type="jump" coverage="50%"/>
									</conditions>
								</line>
								<line number="69" hits="0" branch="false"/>
								<line number="71" hits="2" branch="false"/>
								<line number="74" hits="2" branch="true" condition-coverage="50% (1/2)">
									<conditions>
										<condition number="0" type="jump" coverage="50%"/>
									</conditions>
								</line>
								<line number="75" hits="0" branch="false"/>
								<line number="77" hits="2" branch="true" condition-coverage="50% (1/2)">
									<conditions>
										<condition number="0" type="jump" coverage="50%"/>
									</conditions>
								</line>
								<line number="78" hits="0" branch="false"/>
								<line number="80" hits="2" branch="false"/>
								<line number="83" hits="2" branch="true" condition-coverage="50% (1/2)">
									<conditions>
										<condition number="0" type="jump" coverage="50%"/>
									</conditions>
								</line>
								<line number="84" hits="0" branch="false"/>
								<line number="86" hits="2" branch="true" condition-coverage="50% (1/2)">
									<conditions>
										<condition number="0" type="jump" coverage="50%"/>
									</conditions>
								</line>
								<line number="87" hits="0" branch="false"/>
								<line number="89" hits="2" branch="false"/>
								<line number="92" hits="2" branch="true" condition-coverage="50% (1/2)">
									<conditions>
										<condition number="0" type="jump" coverage="50%"/>
									</conditions>
								</line>
								<line number="93" hits="0" branch="false"/>
								<line number="95" hits="2" branch="true" condition-coverage="50% (1/2)">
									<conditions>
										<condition number="0" type="jump" coverage="50%"/>
									</conditions>
								</line>
								<line number="96" hits="0" branch="false"/>
								<line number="98" hits="2" branch="false"/>
								<line number="101" hits="2" branch="true" condition-coverage="50% (1/2)">
									<conditions>
										<condition number="0" type="jump" coverage="50%"/>
									</conditions>
								</line>
								<line number="102" hits="0" branch="false"/>
								<line number="104" hits="2" branch="true" condition-coverage="50% (1/2)">
									<conditions>
										<condition number="0" type="jump" coverage="50%"/>
									</conditions>
								</line>
								<line number="105" hits="0" branch="false"/>
								<line number="107" hits="2" branch="false"/>
								<line number="110" hits="2" branch="true" condition-coverage="50% (1/2)">
									<conditions>
										<condition number="0" type="jump" coverage="50%"/>
									</conditions>
								</line>
								<line number="111" hits="0" branch="false"/>
								<line number="113" hits="2" branch="true" condition-coverage="50% (1/2)">
									<conditions>
										<condition number="0" type="jump" coverage="50%"/>
									</conditions>
								</line>
								<line number="114" hits="0" branch="false"/>
								<line number="116" hits="2" branch="false"/>
								<line number="119" hits="2" branch="true" condition-coverage="50% (1/2)">
									<conditions>
										<condition number="0" type="jump" coverage="50%"/>
									</conditions>
								</line>
								<line number="120" hits="0" branch="false"/>
								<line number="122" hits="2" branch="true" condition-coverage="50% (1/2)">
									<conditions>
										<condition number="0" type="jump" coverage="50%"/>
									</conditions>
								</line>
								<line number="123" hits="0" branch="false"/>
								<line number="125" hits="2" branch="false"/>
								<line number="127" hits="2" branch="true" condition-coverage="50% (1/2)">
									<conditions>
										<condition number="0" type="jump" coverage="50%"/>
									</conditions>
								</line>
								<line number="128" hits="0" branch="false"/>
								<line number="130" hits="2" branch="true" condition-coverage="50% (1/2)">
									<conditions>
										<condition number="0" type="jump" coverage="50%"/>
									</conditions>
								</line>
								<line number="131" hits="0" branch="false"/>
								<line number="133" hits="2" branch="false"/>
								<line number="135" hits="2" branch="false"/>
							</lines>
						</method>
						<method name="setBean" signature="(Lpricing/RentalBean;)V" line-rate="1.0" branch-rate="1.0">
							<lines>
								<line number="430" hits="2" branch="false"/>
								<line number="431" hits="2" branch="false"/>
							</lines>
						</method>
						<method name="setErrorCodes" signature="(Ljava/util/ArrayList;)V" line-rate="1.0" branch-rate="1.0">
							<lines>
								<line number="139" hits="2" branch="false"/>
								<line number="140" hits="2" branch="false"/>
							</lines>
						</method>
					</methods>
					<lines>
						<line number="21" hits="30" branch="false"/>
						<line number="23" hits="30" branch="false"/>
						<line number="24" hits="30" branch="false"/>
						<line number="25" hits="30" branch="false"/>
						<line number="26" hits="30" branch="false"/>
						<line number="29" hits="2" branch="false"/>
						<line number="31" hits="2" branch="true" condition-coverage="50% (1/2)">
							<conditions>
								<condition number="0" type="jump" coverage="50%"/>
							</conditions>
						</line>
						<line number="32" hits="0" branch="false"/>
						<line number="34" hits="2" branch="true" condition-coverage="100% (2/2)">
							<conditions>
								<condition number="0" type="jump" coverage="100%"/>
							</conditions>
						</line>
						<line number="35" hits="1" branch="false"/>
						<line number="37" hits="1" branch="false"/>
						<line number="39" hits="2" branch="true" condition-coverage="50% (1/2)">
							<conditions>
								<condition number="0" type="jump" coverage="50%"/>
							</conditions>
						</line>
						<line number="40" hits="0" branch="false"/>
						<line number="42" hits="2" branch="true" condition-coverage="50% (1/2)">
							<conditions>
								<condition number="0" type="jump" coverage="50%"/>
							</conditions>
						</line>
						<line number="43" hits="0" branch="false"/>
						<line number="45" hits="2" branch="false"/>
						<line number="47" hits="2" branch="true" condition-coverage="50% (1/2)">
							<conditions>
								<condition number="0" type="jump" coverage="50%"/>
							</conditions>
						</line>
						<line number="48" hits="0" branch="false"/>
						<line number="50" hits="2" branch="true" condition-coverage="50% (1/2)">
							<conditions>
								<condition number="0" type="jump" coverage="50%"/>
							</conditions>
						</line>
						<line number="51" hits="0" branch="false"/>
						<line number="53" hits="2" branch="false"/>
						<line number="56" hits="2" branch="true" condition-coverage="50% (1/2)">
							<conditions>
								<condition number="0" type="jump" coverage="50%"/>
							</conditions>
						</line>
						<line number="57" hits="0" branch="false"/>
						<line number="59" hits="2" branch="true" condition-coverage="50% (1/2)">
							<conditions>
								<condition number="0" type="jump" coverage="50%"/>
							</conditions>
						</line>
						<line number="60" hits="0" branch="false"/>
						<line number="62" hits="2" branch="false"/>
						<line number="65" hits="2" branch="true" condition-coverage="50% (1/2)">
							<conditions>
								<condition number="0" type="jump" coverage="50%"/>
							</conditions>
						</line>
						<line number="66" hits="0" branch="false"/>
						<line number="68" hits="2" branch="true" condition-coverage="50% (1/2)">
							<conditions>
								<condition number="0" type="jump" coverage="50%"/>
							</conditions>
						</line>
						<line number="69" hits="0" branch="false"/>
						<line number="71" hits="2" branch="false"/>
						<line number="74" hits="2" branch="true" condition-coverage="50% (1/2)">
							<conditions>
								<condition number="0" type="jump" coverage="50%"/>
							</conditions>
						</line>
						<line number="75" hits="0" branch="false"/>
						<line number="77" hits="2" branch="true" condition-coverage="50% (1/2)">
							<conditions>
								<condition number="0" type="jump" coverage="50%"/>
							</conditions>
						</line>
						<line number="78" hits="0" branch="false"/>
						<line number="80" hits="2" branch="false"/>
						<line number="83" hits="2" branch="true" condition-coverage="50% (1/2)">
							<conditions>
								<condition number="0" type="jump" coverage="50%"/>
							</conditions>
						</line>
						<line number="84" hits="0" branch="false"/>
						<line number="86" hits="2" branch="true" condition-coverage="50% (1/2)">
							<conditions>
								<condition number="0" type="jump" coverage="50%"/>
							</conditions>
						</line>
						<line number="87" hits="0" branch="false"/>
						<line number="89" hits="2" branch="false"/>
						<line number="92" hits="2" branch="true" condition-coverage="50% (1/2)">
							<conditions>
								<condition number="0" type="jump" coverage="50%"/>
							</conditions>
						</line>
						<line number="93" hits="0" branch="false"/>
						<line number="95" hits="2" branch="true" condition-coverage="50% (1/2)">
							<conditions>
								<condition number="0" type="jump" coverage="50%"/>
							</conditions>
						</line>
						<line number="96" hits="0" branch="false"/>
						<line number="98" hits="2" branch="false"/>
						<line number="101" hits="2" branch="true" condition-coverage="50% (1/2)">
							<conditions>
								<condition number="0" type="jump" coverage="50%"/>
							</conditions>
						</line>
						<line number="102" hits="0" branch="false"/>
						<line number="104" hits="2" branch="true" condition-coverage="50% (1/2)">
							<conditions>
								<condition number="0" type="jump" coverage="50%"/>
							</conditions>
						</line>
						<line number="105" hits="0" branch="false"/>
						<line number="107" hits="2" branch="false"/>
						<line number="110" hits="2" branch="true" condition-coverage="50% (1/2)">
							<conditions>
								<condition number="0" type="jump" coverage="50%"/>
							</conditions>
						</line>
						<line number="111" hits="0" branch="false"/>
						<line number="113" hits="2" branch="true" condition-coverage="50% (1/2)">
							<conditions>
								<condition number="0" type="jump" coverage="50%"/>
							</conditions>
						</line>
						<line number="114" hits="0" branch="false"/>
						<line number="116" hits="2" branch="false"/>
						<line number="119" hits="2" branch="true" condition-coverage="50% (1/2)">
							<conditions>
								<condition number="0" type="jump" coverage="50%"/>
							</conditions>
						</line>
						<line number="120" hits="0" branch="false"/>
						<line number="122" hits="2" branch="true" condition-coverage="50% (1/2)">
							<conditions>
								<condition number="0" type="jump" coverage="50%"/>
							</conditions>
						</line>
						<line number="123" hits="0" branch="false"/>
						<line number="125" hits="2" branch="false"/>
						<line number="127" hits="2" branch="true" condition-coverage="50% (1/2)">
							<conditions>
								<condition number="0" type="jump" coverage="50%"/>
							</conditions>
						</line>
						<line number="128" hits="0" branch="false"/>
						<line number="130" hits="2" branch="true" condition-coverage="50% (1/2)">
							<conditions>
								<condition number="0" type="jump" coverage="50%"/>
							</conditions>
						</line>
						<line number="131" hits="0" branch="false"/>
						<line number="133" hits="2" branch="false"/>
						<line number="135" hits="2" branch="false"/>
						<line number="139" hits="2" branch="false"/>
						<line number="140" hits="2" branch="false"/>
						<line number="143" hits="2" branch="false"/>
						<line number="148" hits="4" branch="true" condition-coverage="100% (2/2)">
							<conditions>
								<condition number="0" type="jump" coverage="100%"/>
							</conditions>
						</line>
						<line number="149" hits="1" branch="false"/>
						<line number="150" hits="1" branch="false"/>
						<line number="152" hits="0" branch="false"/>
						<line number="153" hits="0" branch="false"/>
						<line number="154" hits="3" branch="false"/>
						<line number="155" hits="3" branch="false"/>
						<line number="160" hits="3" branch="false"/>
						<line number="161" hits="2" branch="false"/>
						<line number="162" hits="2" branch="false"/>
						<line number="163" hits="2" branch="false"/>
						<line number="164" hits="1" branch="false"/>
						<line number="166" hits="1" branch="false"/>
						<line number="170" hits="3" branch="true" condition-coverage="75% (3/4)">
							<conditions>
								<condition number="0" type="jump" coverage="100%"/>
								<condition number="1" type="jump" coverage="50%"/>
							</conditions>
						</line>
						<line number="171" hits="1" branch="false"/>
						<line number="172" hits="1" branch="false"/>
						<line number="174" hits="2" branch="false"/>
						<line number="179" hits="3" branch="true" condition-coverage="75% (3/4)">
							<conditions>
								<condition number="0" type="jump" coverage="50%"/>
								<condition number="1" type="jump" coverage="100%"/>
							</conditions>
						</line>
						<line number="180" hits="1" branch="false"/>
						<line number="181" hits="1" branch="false"/>
						<line number="183" hits="2" branch="false"/>
						<line number="185" hits="0" branch="false"/>
						<line number="186" hits="0" branch="false"/>
						<line number="192" hits="3" branch="true" condition-coverage="75% (3/4)">
							<conditions>
								<condition number="0" type="jump" coverage="100%"/>
								<condition number="1" type="jump" coverage="50%"/>
							</conditions>
						</line>
						<line number="193" hits="1" branch="false"/>
						<line number="194" hits="1" branch="false"/>
						<line number="196" hits="2" branch="false"/>
						<line number="201" hits="3" branch="true" condition-coverage="75% (3/4)">
							<conditions>
								<condition number="0" type="jump" coverage="50%"/>
								<condition number="1" type="jump" coverage="100%"/>
							</conditions>
						</line>
						<line number="202" hits="1" branch="false"/>
						<line number="203" hits="1" branch="false"/>
						<line number="206" hits="2" branch="false"/>
						<line number="208" hits="0" branch="false"/>
						<line number="209" hits="0" branch="false"/>
						<line number="214" hits="3" branch="true" condition-coverage="75% (3/4)">
							<conditions>
								<condition number="0" type="jump" coverage="100%"/>
								<condition number="1" type="jump" coverage="50%"/>
							</conditions>
						</line>
						<line number="215" hits="1" branch="false"/>
						<line number="216" hits="1" branch="false"/>
						<line number="218" hits="2" branch="false"/>
						<line number="223" hits="3" branch="true" condition-coverage="75% (3/4)">
							<conditions>
								<condition number="0" type="jump" coverage="100%"/>
								<condition number="1" type="jump" coverage="50%"/>
							</conditions>
						</line>
						<line number="224" hits="2" branch="false"/>
						<line number="226" hits="1" branch="false"/>
						<line number="227" hits="1" branch="false"/>
						<line number="231" hits="0" branch="false"/>
						<line number="232" hits="0" branch="false"/>
						<line number="237" hits="3" branch="true" condition-coverage="75% (3/4)">
							<conditions>
								<condition number="0" type="jump" coverage="100%"/>
								<condition number="1" type="jump" coverage="50%"/>
							</conditions>
						</line>
						<line number="238" hits="1" branch="false"/>
						<line number="239" hits="1" branch="false"/>
						<line number="241" hits="2" branch="false"/>
						<line number="246" hits="3" branch="true" condition-coverage="75% (3/4)">
							<conditions>
								<condition number="0" type="jump" coverage="50%"/>
								<condition number="1" type="jump" coverage="100%"/>
							</conditions>
						</line>
						<line number="247" hits="1" branch="false"/>
						<line number="248" hits="1" branch="false"/>
						<line number="251" hits="2" branch="false"/>
						<line number="253" hits="0" branch="false"/>
						<line number="254" hits="0" branch="false"/>
						<line number="259" hits="3" branch="true" condition-coverage="75% (3/4)">
							<conditions>
								<condition number="0" type="jump" coverage="100%"/>
								<condition number="1" type="jump" coverage="50%"/>
							</conditions>
						</line>
						<line number="260" hits="1" branch="false"/>
						<line number="261" hits="1" branch="false"/>
						<line number="263" hits="2" branch="false"/>
						<line number="268" hits="3" branch="true" condition-coverage="75% (3/4)">
							<conditions>
								<condition number="0" type="jump" coverage="100%"/>
								<condition number="1" type="jump" coverage="50%"/>
							</conditions>
						</line>
						<line number="269" hits="1" branch="false"/>
						<line number="270" hits="1" branch="false"/>
						<line number="273" hits="2" branch="false"/>
						<line number="275" hits="0" branch="false"/>
						<line number="276" hits="0" branch="false"/>
						<line number="281" hits="3" branch="true" condition-coverage="75% (3/4)">
							<conditions>
								<condition number="0" type="jump" coverage="100%"/>
								<condition number="1" type="jump" coverage="50%"/>
							</conditions>
						</line>
						<line number="282" hits="1" branch="false"/>
						<line number="283" hits="1" branch="false"/>
						<line number="285" hits="2" branch="false"/>
						<line number="290" hits="3" branch="true" condition-coverage="75% (3/4)">
							<conditions>
								<condition number="0" type="jump" coverage="50%"/>
								<condition number="1" type="jump" coverage="100%"/>
							</conditions>
						</line>
						<line number="291" hits="1" branch="false"/>
						<line number="292" hits="1" branch="false"/>
						<line number="295" hits="2" branch="false"/>
						<line number="297" hits="0" branch="false"/>
						<line number="298" hits="0" branch="false"/>
						<line number="303" hits="3" branch="true" condition-coverage="75% (3/4)">
							<conditions>
								<condition number="0" type="jump" coverage="100%"/>
								<condition number="1" type="jump" coverage="50%"/>
							</conditions>
						</line>
						<line number="304" hits="1" branch="false"/>
						<line number="305" hits="1" branch="false"/>
						<line number="307" hits="2" branch="false"/>
						<line number="312" hits="3" branch="true" condition-coverage="75% (3/4)">
							<conditions>
								<condition number="0" type="jump" coverage="100%"/>
								<condition number="1" type="jump" coverage="50%"/>
							</conditions>
						</line>
						<line number="313" hits="2" branch="false"/>
						<line number="315" hits="1" branch="false"/>
						<line number="316" hits="1" branch="false"/>
						<line number="320" hits="0" branch="false"/>
						<line number="321" hits="0" branch="false"/>
						<line number="326" hits="3" branch="true" condition-coverage="75% (3/4)">
							<conditions>
								<condition number="0" type="jump" coverage="100%"/>
								<condition number="1" type="jump" coverage="50%"/>
							</conditions>
						</line>
						<line number="327" hits="1" branch="false"/>
						<line number="328" hits="1" branch="false"/>
						<line number="330" hits="2" branch="false"/>
						<line number="335" hits="3" branch="true" condition-coverage="75% (3/4)">
							<conditions>
								<condition number="0" type="jump" coverage="50%"/>
								<condition number="1" type="jump" coverage="100%"/>
							</conditions>
						</line>
						<line number="336" hits="1" branch="false"/>
						<line number="337" hits="1" branch="false"/>
						<line number="340" hits="2" branch="false"/>
						<line number="342" hits="0" branch="false"/>
						<line number="343" hits="0" branch="false"/>
						<line number="348" hits="3" branch="true" condition-coverage="75% (3/4)">
							<conditions>
								<condition number="0" type="jump" coverage="100%"/>
								<condition number="1" type="jump" coverage="50%"/>
							</conditions>
						</line>
						<line number="349" hits="1" branch="false"/>
						<line number="350" hits="1" branch="false"/>
						<line number="352" hits="2" branch="false"/>
						<line number="356" hits="3" branch="true" condition-coverage="50% (1/2)">
							<conditions>
								<condition number="0" type="jump" coverage="50%"/>
							</conditions>
						</line>
						<line number="357" hits="3" branch="true" condition-coverage="100% (2/2)">
							<conditions>
								<condition number="0" type="jump" coverage="100%"/>
							</conditions>
						</line>
						<line number="358" hits="1" branch="true" condition-coverage="50% (1/2)">
							<conditions>
								<condition number="0" type="jump" coverage="50%"/>
							</conditions>
						</line>
						<line number="359" hits="1" branch="true" condition-coverage="50% (1/2)">
							<conditions>
								<condition number="0" type="jump" coverage="50%"/>
							</conditions>
						</line>
						<line number="360" hits="2" branch="false"/>
						<line number="362" hits="1" branch="false"/>
						<line number="363" hits="1" branch="false"/>
						<line number="368" hits="3" branch="true" condition-coverage="75% (3/4)">
							<conditions>
								<condition number="0" type="jump" coverage="100%"/>
								<condition number="1" type="jump" coverage="50%"/>
							</conditions>
						</line>
						<line number="369" hits="1" branch="false"/>
						<line number="370" hits="1" branch="false"/>
						<line number="372" hits="2" branch="false"/>
						<line number="377" hits="3" branch="true" condition-coverage="50% (1/2)">
							<conditions>
								<condition number="0" type="jump" coverage="50%"/>
							</conditions>
						</line>
						<line number="378" hits="0" branch="true" condition-coverage="0% (0/2)">
							<conditions>
								<condition number="0" type="jump" coverage="0%"/>
							</conditions>
						</line>
						<line number="379" hits="3" branch="false"/>
						<line number="381" hits="0" branch="false"/>
						<line number="382" hits="0" branch="false"/>
						<line number="385" hits="0" branch="false"/>
						<line number="386" hits="0" branch="false"/>
						<line number="391" hits="3" branch="true" condition-coverage="75% (3/4)">
							<conditions>
								<condition number="0" type="jump" coverage="100%"/>
								<condition number="1" type="jump" coverage="50%"/>
							</conditions>
						</line>
						<line number="392" hits="1" branch="false"/>
						<line number="393" hits="1" branch="false"/>
						<line number="395" hits="2" branch="false"/>
						<line number="399" hits="3" branch="false"/>
						<line number="400" hits="3" branch="false"/>
						<line number="402" hits="3" branch="true" condition-coverage="50% (1/2)">
							<conditions>
								<condition number="0" type="jump" coverage="50%"/>
							</conditions>
						</line>
						<line number="403" hits="3" branch="true" condition-coverage="100% (2/2)">
							<conditions>
								<condition number="0" type="jump" coverage="100%"/>
							</conditions>
						</line>
						<line number="404" hits="2" branch="true" condition-coverage="50% (2/4)">
							<conditions>
								<condition number="0" type="jump" coverage="50%"/>
								<condition number="1" type="jump" coverage="50%"/>
							</conditions>
						</line>
						<line number="405" hits="2" branch="false"/>
						<line number="408" hits="1" branch="false"/>
						<line number="409" hits="1" branch="false"/>
						<line number="411" hits="0" branch="true" condition-coverage="0% (0/2)">
							<conditions>
								<condition number="0" type="jump" coverage="0%"/>
							</conditions>
						</line>
						<line number="412" hits="0" branch="true" condition-coverage="0% (0/10)">
							<conditions>
								<condition number="0" type="jump" coverage="0%"/>
								<condition number="1" type="jump" coverage="0%"/>
								<condition number="2" type="jump" coverage="0%"/>
								<condition number="3" type="jump" coverage="0%"/>
								<condition number="4" type="jump" coverage="0%"/>
							</conditions>
						</line>
						<line number="413" hits="0" branch="true" condition-coverage="0% (0/2)">
							<conditions>
								<condition number="0" type="jump" coverage="0%"/>
							</conditions>
						</line>
						<line number="414" hits="0" branch="false"/>
						<line number="415" hits="0" branch="false"/>
						<line number="418" hits="0" branch="false"/>
						<line number="421" hits="0" branch="false"/>
						<line number="426" hits="2" branch="false"/>
						<line number="430" hits="2" branch="false"/>
						<line number="431" hits="2" branch="false"/>
					</lines>
				</class>
				<class name="pricing.ValidationTest" filename="pricing/ValidationTest.java" line-rate="0.0" branch-rate="0.0" complexity="1.25">
					<methods>
						<method name="&lt;init&gt;" signature="()V" line-rate="0.0" branch-rate="1.0">
							<lines>
								<line number="22" hits="0" branch="false"/>
							</lines>
						</method>
						<method name="doGet" signature="(Ljavax/servlet/http/HttpServletRequest;Ljavax/servlet/http/HttpServletResponse;)V" line-rate="0.0" branch-rate="1.0">
							<lines>
								<line number="85" hits="0" branch="false"/>
								<line number="86" hits="0" branch="false"/>
							</lines>
						</method>
						<method name="doPost" signature="(Ljavax/servlet/http/HttpServletRequest;Ljavax/servlet/http/HttpServletResponse;)V" line-rate="0.0" branch-rate="1.0">
							<lines>
								<line number="99" hits="0" branch="false"/>
								<line number="100" hits="0" branch="false"/>
							</lines>
						</method>
						<method name="getServletInfo" signature="()Ljava/lang/String;" line-rate="0.0" branch-rate="1.0">
							<lines>
								<line number="109" hits="0" branch="false"/>
							</lines>
						</method>
						<method name="processRequest" signature="(Ljavax/servlet/http/HttpServletRequest;Ljavax/servlet/http/HttpServletResponse;)V" line-rate="0.0" branch-rate="0.0">
							<lines>
								<line number="35" hits="0" branch="false"/>
								<line number="36" hits="0" branch="false"/>
								<line number="37" hits="0" branch="false"/>
								<line number="38" hits="0" branch="false"/>
								<line number="39" hits="0" branch="false"/>
								<line number="40" hits="0" branch="false"/>
								<line number="41" hits="0" branch="false"/>
								<line number="42" hits="0" branch="false"/>
								<line number="43" hits="0" branch="false"/>
								<line number="44" hits="0" branch="false"/>
								<line number="45" hits="0" branch="false"/>
								<line number="46" hits="0" branch="false"/>
								<line number="47" hits="0" branch="false"/>
								<line number="48" hits="0" branch="false"/>
								<line number="49" hits="0" branch="false"/>
								<line number="50" hits="0" branch="false"/>
								<line number="53" hits="0" branch="false"/>
								<line number="54" hits="0" branch="false"/>
								<line number="56" hits="0" branch="false"/>
								<line number="57" hits="0" branch="false"/>
								<line number="58" hits="0" branch="false"/>
								<line number="59" hits="0" branch="false"/>
								<line number="60" hits="0" branch="false"/>
								<line number="61" hits="0" branch="false"/>
								<line number="62" hits="0" branch="false"/>
								<line number="63" hits="0" branch="false"/>
								<line number="64" hits="0" branch="false"/>
								<line number="65" hits="0" branch="true" condition-coverage="0% (0/2)">
									<conditions>
										<condition number="0" type="jump" coverage="0%"/>
									</conditions>
								</line>
								<line number="66" hits="0" branch="false"/>
								<line number="67" hits="0" branch="false"/>
								<line number="68" hits="0" branch="false"/>
								<line number="69" hits="0" branch="false"/>
								<line number="70" hits="0" branch="true" condition-coverage="0% (0/4)">
									<conditions>
										<condition number="0" type="jump" coverage="0%"/>
										<condition number="1" type="jump" coverage="0%"/>
									</conditions>
								</line>
								<line number="71" hits="0" branch="false"/>
							</lines>
						</method>
					</methods>
					<lines>
						<line number="22" hits="0" branch="false"/>
						<line number="35" hits="0" branch="false"/>
						<line number="36" hits="0" branch="false"/>
						<line number="37" hits="0" branch="false"/>
						<line number="38" hits="0" branch="false"/>
						<line number="39" hits="0" branch="false"/>
						<line number="40" hits="0" branch="false"/>
						<line number="41" hits="0" branch="false"/>
						<line number="42" hits="0" branch="false"/>
						<line number="43" hits="0" branch="false"/>
						<line number="44" hits="0" branch="false"/>
						<line number="45" hits="0" branch="false"/>
						<line number="46" hits="0" branch="false"/>
						<line number="47" hits="0" branch="false"/>
						<line number="48" hits="0" branch="false"/>
						<line number="49" hits="0" branch="false"/>
						<line number="50" hits="0" branch="false"/>
						<line number="53" hits="0" branch="false"/>
						<line number="54" hits="0" branch="false"/>
						<line number="56" hits="0" branch="false"/>
						<line number="57" hits="0" branch="false"/>
						<line number="58" hits="0" branch="false"/>
						<line number="59" hits="0" branch="false"/>
						<line number="60" hits="0" branch="false"/>
						<line number="61" hits="0" branch="false"/>
						<line number="62" hits="0" branch="false"/>
						<line number="63" hits="0" branch="false"/>
						<line number="64" hits="0" branch="false"/>
						<line number="65" hits="0" branch="true" condition-coverage="0% (0/2)">
							<conditions>
								<condition number="0" type="jump" coverage="0%"/>
							</conditions>
						</line>
						<line number="66" hits="0" branch="false"/>
						<line number="67" hits="0" branch="false"/>
						<line number="68" hits="0" branch="false"/>
						<line number="69" hits="0" branch="false"/>
						<line number="70" hits="0" branch="true" condition-coverage="0% (0/4)">
							<conditions>
								<condition number="0" type="jump" coverage="0%"/>
								<condition number="1" type="jump" coverage="0%"/>
							</conditions>
						</line>
						<line number="71" hits="0" branch="false"/>
						<line number="85" hits="0" branch="false"/>
						<line number="86" hits="0" branch="false"/>
						<line number="99" hits="0" branch="false"/>
						<line number="100" hits="0" branch="false"/>
						<line number="109" hits="0" branch="false"/>
					</lines>
				</class>
			</classes>
		</package>
	</packages>
</coverage>
