<?xml version="1.0" encoding="UTF-8" ?>
<testsuite errors="0" failures="0" hostname="juliosueiras-laptop" name="pricing.RentalBeanTest" skipped="0" tests="34" time="0.108" timestamp="2014-11-20T06:44:18">
  <properties>
[...]
</properties>
  <testcase classname="pricing.RentalBeanTest" name="testSetPickupDay" time="0.003" />
  <testcase classname="pricing.RentalBeanTest" name="testGetPickupDay" time="0.0" />
  <testcase classname="pricing.RentalBeanTest" name="testGetPickupYear" time="0.0" />
  <testcase classname="pricing.RentalBeanTest" name="testGetPickupMon" time="0.0" />
  <testcase classname="pricing.RentalBeanTest" name="testSetPickupMon" time="0.0" />
  <testcase classname="pricing.RentalBeanTest" name="testSetPickupYear" time="0.0" />
  <testcase classname="pricing.RentalBeanTest" name="testSetDropoffYear" time="0.0" />
  <testcase classname="pricing.RentalBeanTest" name="testGetDropoffMon" time="0.0" />
  <testcase classname="pricing.RentalBeanTest" name="testSetDropoffMon" time="0.0" />
  <testcase classname="pricing.RentalBeanTest" name="testGetDropoffDay" time="0.0" />
  <testcase classname="pricing.RentalBeanTest" name="testSetDropoffDay" time="0.0" />
  <testcase classname="pricing.RentalBeanTest" name="testGetDropoffHour" time="0.0" />
  <testcase classname="pricing.RentalBeanTest" name="testSetDropoffHour" time="0.0" />
  <testcase classname="pricing.RentalBeanTest" name="testGetDropoffMin" time="0.0" />
  <testcase classname="pricing.RentalBeanTest" name="testSetDropoffMin" time="0.0" />
  <testcase classname="pricing.RentalBeanTest" name="testGetRentalType" time="0.002" />
  <testcase classname="pricing.RentalBeanTest" name="testSetRentalType" time="0.0" />
  <testcase classname="pricing.RentalBeanTest" name="testGetCardType" time="0.0" />
  <testcase classname="pricing.RentalBeanTest" name="testSetCardType" time="0.001" />
  <testcase classname="pricing.RentalBeanTest" name="testGetCardNumber" time="0.0" />
  <testcase classname="pricing.RentalBeanTest" name="testSetCardNumber" time="0.0" />
  <testcase classname="pricing.RentalBeanTest" name="testGetTaxRate" time="0.004" />
  <testcase classname="pricing.RentalBeanTest" name="testSetTaxRate" time="0.0" />
  <testcase classname="pricing.RentalBeanTest" name="testGetPrice" time="0.0" />
  <testcase classname="pricing.RentalBeanTest" name="testSetPrice" time="0.0" />
  <testcase classname="pricing.RentalBeanTest" name="testSetPriceSchedule" time="0.001" />
  <testcase classname="pricing.RentalBeanTest" name="testGetPriceSchedule" time="0.001" />
  <testcase classname="pricing.RentalBeanTest" name="testGetCustNumber" time="0.0" />
  <testcase classname="pricing.RentalBeanTest" name="testSetCustNumber" time="0.0" />
  <testcase classname="pricing.RentalBeanTest" name="testGetDropoffYear" time="0.0" />
  <testcase classname="pricing.RentalBeanTest" name="testGetPickupHour" time="0.0" />
  <testcase classname="pricing.RentalBeanTest" name="testSetPickupHour" time="0.0" />
  <testcase classname="pricing.RentalBeanTest" name="testGetPickupMin" time="0.0" />
  <testcase classname="pricing.RentalBeanTest" name="testSetPickupMin" time="0.0" />
  <system-out><![CDATA[setPickupDay
getPickupDay
getPickupYear
getPickupMon
setPickupMon
setPickupYear
setDropoffYear
getDropoffMon
setDropoffMon
getDropoffDay
setDropoffDay
getDropoffHour
setDropoffHour
getDropoffMin
setDropoffMin
getRentalType
setRentalType
getCardType
setCardType
getCardNumber
setCardNumber
getTaxRate
setTaxRate
getPrice
setPrice
setPriceSchedule
getPriceSchedule
getCustNumber
setCustNumber
getDropoffYear
getPickupHour
setPickupHour
getPickupMin
setPickupMin
]]></system-out>
  <system-err><![CDATA[]]></system-err>
</testsuite>
