<?xml version="1.0" encoding="UTF-8"?>
<testsuite name="net.sourceforge.pmd.RuleSetFactoryTest" time="0.965" tests="39" errors="0" skipped="0" failures="0">
  <properties>
[...]
</properties>
  <testcase name="testRuleSetFileName" classname="net.sourceforge.pmd.RuleSetFactoryTest" time="0.166"/>
  <testcase name="testOverrideMessage" classname="net.sourceforge.pmd.RuleSetFactoryTest" time="0.013"/>
  <testcase name="testWrongRuleNameReferenced" classname="net.sourceforge.pmd.RuleSetFactoryTest" time="0.016"/>
  <testcase name="testWrongRuleNameExcluded" classname="net.sourceforge.pmd.RuleSetFactoryTest" time="0.031"/>
  <testcase name="testReferenceInternalToInternal" classname="net.sourceforge.pmd.RuleSetFactoryTest" time="0.007"/>
  <testcase name="testRuleSetReferenceWithDeprecatedRule" classname="net.sourceforge.pmd.RuleSetFactoryTest" time="0.036"/>
  <testcase name="testSingleRuleWithPriority" classname="net.sourceforge.pmd.RuleSetFactoryTest" time="0.004"/>
  <testcase name="testProps" classname="net.sourceforge.pmd.RuleSetFactoryTest" time="0.078"/>
  <testcase name="testXPath" classname="net.sourceforge.pmd.RuleSetFactoryTest" time="0.015"/>
  <testcase name="testRefs" classname="net.sourceforge.pmd.RuleSetFactoryTest" time="0.019"/>
  <testcase name="testMinimumLanugageVersion" classname="net.sourceforge.pmd.RuleSetFactoryTest" time="0.002"/>
  <testcase name="testIncorrectMaximumLanugageVersion" classname="net.sourceforge.pmd.RuleSetFactoryTest" time="0.01"/>
  <testcase name="testReferenceInternalToExternalChain" classname="net.sourceforge.pmd.RuleSetFactoryTest" time="0.054"/>
  <testcase name="testLanguage" classname="net.sourceforge.pmd.RuleSetFactoryTest" time="0.009"/>
  <testcase name="testExtendedReferences" classname="net.sourceforge.pmd.RuleSetFactoryTest" time="0.105"/>
  <testcase name="testExternalReferenceOverride" classname="net.sourceforge.pmd.RuleSetFactoryTest" time="0.02"/>
  <testcase name="testIncorrectLanguage" classname="net.sourceforge.pmd.RuleSetFactoryTest" time="0.002"/>
  <testcase name="testOverrideMessageOneElem" classname="net.sourceforge.pmd.RuleSetFactoryTest" time="0.013"/>
  <testcase name="testBug1202" classname="net.sourceforge.pmd.RuleSetFactoryTest" time="0.037"/>
  <testcase name="testSetPriority" classname="net.sourceforge.pmd.RuleSetFactoryTest" time="0.003"/>
  <testcase name="testSingleRule" classname="net.sourceforge.pmd.RuleSetFactoryTest" time="0.003"/>
  <testcase name="testInvertedMinimumMaximumLanugageVersions" classname="net.sourceforge.pmd.RuleSetFactoryTest" time="0.009"/>
  <testcase name="testReferenceInternalToExternal" classname="net.sourceforge.pmd.RuleSetFactoryTest" time="0.021"/>
  <testcase name="testDFAFlag" classname="net.sourceforge.pmd.RuleSetFactoryTest" time="0.001"/>
  <testcase name="testRuleSetNotFound" classname="net.sourceforge.pmd.RuleSetFactoryTest" time="0"/>
  <testcase name="testIncludeExcludePatterns" classname="net.sourceforge.pmd.RuleSetFactoryTest" time="0.001"/>
  <testcase name="testIncorrectMinimumLanugageVersion" classname="net.sourceforge.pmd.RuleSetFactoryTest" time="0.003"/>
  <testcase name="testFacadesOffByDefault" classname="net.sourceforge.pmd.RuleSetFactoryTest" time="0.01"/>
  <testcase name="testExternalReferences" classname="net.sourceforge.pmd.RuleSetFactoryTest" time="0.002"/>
  <testcase name="testReferenceInternalToInternalChain" classname="net.sourceforge.pmd.RuleSetFactoryTest" time="0.018"/>
  <testcase name="testReferencePriority" classname="net.sourceforge.pmd.RuleSetFactoryTest" time="0.224"/>
  <testcase name="testEmptyRuleSetFile" classname="net.sourceforge.pmd.RuleSetFactoryTest" time="0.002"/>
  <testcase name="testNoRuleSetFileName" classname="net.sourceforge.pmd.RuleSetFactoryTest" time="0.001"/>
  <testcase name="testMultipleRules" classname="net.sourceforge.pmd.RuleSetFactoryTest" time="0.002"/>
  <testcase name="testDirectDeprecatedRule" classname="net.sourceforge.pmd.RuleSetFactoryTest" time="0.001"/>
  <testcase name="testCreateEmptyRuleSet" classname="net.sourceforge.pmd.RuleSetFactoryTest" time="0.008"/>
  <testcase name="testReferenceToDeprecatedRule" classname="net.sourceforge.pmd.RuleSetFactoryTest" time="0.007"/>
  <testcase name="testMaximumLanugageVersion" classname="net.sourceforge.pmd.RuleSetFactoryTest" time="0.003"/>
  <testcase name="testIncorrectExternalRef" classname="net.sourceforge.pmd.RuleSetFactoryTest" time="0.009"/>
</testsuite>