<?xml version="1.0" encoding="UTF-8"?>
<testsuite name="net.sourceforge.pmd.stat.StatisticalRuleTest" time="0.198" tests="75" errors="0" skipped="0" failures="0">
  <properties>
[...]
</properties>
  <testcase name="testExpectedMinimum" classname="net.sourceforge.pmd.stat.StatisticalRuleTest" time="0.004"/>
  <testcase name="testMS1" classname="net.sourceforge.pmd.stat.StatisticalRuleTest" time="0.007"/>
  <testcase name="testMS2" classname="net.sourceforge.pmd.stat.StatisticalRuleTest" time="0.004"/>
  <testcase name="testMS3" classname="net.sourceforge.pmd.stat.StatisticalRuleTest" time="0.008"/>
  <testcase name="testMS4" classname="net.sourceforge.pmd.stat.StatisticalRuleTest" time="0.005"/>
  <testcase name="testMS5" classname="net.sourceforge.pmd.stat.StatisticalRuleTest" time="0.008"/>
  <testcase name="testMT1" classname="net.sourceforge.pmd.stat.StatisticalRuleTest" time="0.001"/>
  <testcase name="testMT2" classname="net.sourceforge.pmd.stat.StatisticalRuleTest" time="0.007"/>
  <testcase name="testMT3" classname="net.sourceforge.pmd.stat.StatisticalRuleTest" time="0.006"/>
  <testcase name="testMT4" classname="net.sourceforge.pmd.stat.StatisticalRuleTest" time="0.003"/>
  <testcase name="testMT5" classname="net.sourceforge.pmd.stat.StatisticalRuleTest" time="0.004"/>
  <testcase name="testSM1" classname="net.sourceforge.pmd.stat.StatisticalRuleTest" time="0.006"/>
  <testcase name="testSM2" classname="net.sourceforge.pmd.stat.StatisticalRuleTest" time="0.001"/>
  <testcase name="testSM3" classname="net.sourceforge.pmd.stat.StatisticalRuleTest" time="0.003"/>
  <testcase name="testSM4" classname="net.sourceforge.pmd.stat.StatisticalRuleTest" time="0.016"/>
  <testcase name="testSM5" classname="net.sourceforge.pmd.stat.StatisticalRuleTest" time="0.007"/>
  <testcase name="testSMT" classname="net.sourceforge.pmd.stat.StatisticalRuleTest" time="0.003"/>
  <testcase name="testST1" classname="net.sourceforge.pmd.stat.StatisticalRuleTest" time="0.001"/>
  <testcase name="testST2" classname="net.sourceforge.pmd.stat.StatisticalRuleTest" time="0.004"/>
  <testcase name="testST3" classname="net.sourceforge.pmd.stat.StatisticalRuleTest" time="0.008"/>
  <testcase name="testST4" classname="net.sourceforge.pmd.stat.StatisticalRuleTest" time="0.001"/>
  <testcase name="testST5" classname="net.sourceforge.pmd.stat.StatisticalRuleTest" time="0.001"/>
  <testcase name="testSTM" classname="net.sourceforge.pmd.stat.StatisticalRuleTest" time="0.001"/>
  <testcase name="testTM1" classname="net.sourceforge.pmd.stat.StatisticalRuleTest" time="0.001"/>
  <testcase name="testTM2" classname="net.sourceforge.pmd.stat.StatisticalRuleTest" time="0.001"/>
  <testcase name="testTM3" classname="net.sourceforge.pmd.stat.StatisticalRuleTest" time="0.001"/>
  <testcase name="testTM4" classname="net.sourceforge.pmd.stat.StatisticalRuleTest" time="0.001"/>
  <testcase name="testTM5" classname="net.sourceforge.pmd.stat.StatisticalRuleTest" time="0.001"/>
  <testcase name="testTMS" classname="net.sourceforge.pmd.stat.StatisticalRuleTest" time="0.003"/>
  <testcase name="testTS1" classname="net.sourceforge.pmd.stat.StatisticalRuleTest" time="0.001"/>
  <testcase name="testTS2" classname="net.sourceforge.pmd.stat.StatisticalRuleTest" time="0.005"/>
  <testcase name="testTS3" classname="net.sourceforge.pmd.stat.StatisticalRuleTest" time="0.002"/>
  <testcase name="testTS4" classname="net.sourceforge.pmd.stat.StatisticalRuleTest" time="0.001"/>
  <testcase name="testTS5" classname="net.sourceforge.pmd.stat.StatisticalRuleTest" time="0.001"/>
  <testcase name="testSMT1" classname="net.sourceforge.pmd.stat.StatisticalRuleTest" time="0.005"/>
  <testcase name="testSMT2" classname="net.sourceforge.pmd.stat.StatisticalRuleTest" time="0.001"/>
  <testcase name="testSMT3" classname="net.sourceforge.pmd.stat.StatisticalRuleTest" time="0.001"/>
  <testcase name="testSMT4" classname="net.sourceforge.pmd.stat.StatisticalRuleTest" time="0.001"/>
  <testcase name="testSMT5" classname="net.sourceforge.pmd.stat.StatisticalRuleTest" time="0.002"/>
  <testcase name="testSTM1" classname="net.sourceforge.pmd.stat.StatisticalRuleTest" time="0.006"/>
  <testcase name="testSTM2" classname="net.sourceforge.pmd.stat.StatisticalRuleTest" time="0.001"/>
  <testcase name="testSTM3" classname="net.sourceforge.pmd.stat.StatisticalRuleTest" time="0"/>
  <testcase name="testSTM4" classname="net.sourceforge.pmd.stat.StatisticalRuleTest" time="0.001"/>
  <testcase name="testSTM5" classname="net.sourceforge.pmd.stat.StatisticalRuleTest" time="0"/>
  <testcase name="testTMS1" classname="net.sourceforge.pmd.stat.StatisticalRuleTest" time="0"/>
  <testcase name="testTMS2" classname="net.sourceforge.pmd.stat.StatisticalRuleTest" time="0.001"/>
  <testcase name="testTMS3" classname="net.sourceforge.pmd.stat.StatisticalRuleTest" time="0.001"/>
  <testcase name="testTMS4" classname="net.sourceforge.pmd.stat.StatisticalRuleTest" time="0.006"/>
  <testcase name="testTMS5" classname="net.sourceforge.pmd.stat.StatisticalRuleTest" time="0.001"/>
  <testcase name="testM1" classname="net.sourceforge.pmd.stat.StatisticalRuleTest" time="0.001"/>
  <testcase name="testM2" classname="net.sourceforge.pmd.stat.StatisticalRuleTest" time="0.004"/>
  <testcase name="testM3" classname="net.sourceforge.pmd.stat.StatisticalRuleTest" time="0.001"/>
  <testcase name="testM4" classname="net.sourceforge.pmd.stat.StatisticalRuleTest" time="0.001"/>
  <testcase name="testM5" classname="net.sourceforge.pmd.stat.StatisticalRuleTest" time="0.001"/>
  <testcase name="testMS" classname="net.sourceforge.pmd.stat.StatisticalRuleTest" time="0"/>
  <testcase name="testMT" classname="net.sourceforge.pmd.stat.StatisticalRuleTest" time="0.001"/>
  <testcase name="testS1" classname="net.sourceforge.pmd.stat.StatisticalRuleTest" time="0.007"/>
  <testcase name="testS2" classname="net.sourceforge.pmd.stat.StatisticalRuleTest" time="0.003"/>
  <testcase name="testS3" classname="net.sourceforge.pmd.stat.StatisticalRuleTest" time="0.005"/>
  <testcase name="testS4" classname="net.sourceforge.pmd.stat.StatisticalRuleTest" time="0.001"/>
  <testcase name="testS5" classname="net.sourceforge.pmd.stat.StatisticalRuleTest" time="0.001"/>
  <testcase name="testSM" classname="net.sourceforge.pmd.stat.StatisticalRuleTest" time="0.001"/>
  <testcase name="testT1" classname="net.sourceforge.pmd.stat.StatisticalRuleTest" time="0.002"/>
  <testcase name="testT2" classname="net.sourceforge.pmd.stat.StatisticalRuleTest" time="0.001"/>
  <testcase name="testT3" classname="net.sourceforge.pmd.stat.StatisticalRuleTest" time="0.002"/>
  <testcase name="testT4" classname="net.sourceforge.pmd.stat.StatisticalRuleTest" time="0.001"/>
  <testcase name="testST" classname="net.sourceforge.pmd.stat.StatisticalRuleTest" time="0.001"/>
  <testcase name="testT5" classname="net.sourceforge.pmd.stat.StatisticalRuleTest" time="0.001"/>
  <testcase name="testTM" classname="net.sourceforge.pmd.stat.StatisticalRuleTest" time="0"/>
  <testcase name="testTS" classname="net.sourceforge.pmd.stat.StatisticalRuleTest" time="0.001"/>
  <testcase name="testM" classname="net.sourceforge.pmd.stat.StatisticalRuleTest" time="0.001"/>
  <testcase name="testS" classname="net.sourceforge.pmd.stat.StatisticalRuleTest" time="0.001"/>
  <testcase name="testT" classname="net.sourceforge.pmd.stat.StatisticalRuleTest" time="0.001"/>
  <testcase name="testSingleDatapoint" classname="net.sourceforge.pmd.stat.StatisticalRuleTest" time="0.001"/>
  <testcase name="testMetrics" classname="net.sourceforge.pmd.stat.StatisticalRuleTest" time="0.004"/>
</testsuite>