<?xml version="1.0" encoding="UTF-8" ?>
<testsuite tests="30" failures="0" name="pricing.RentalFormValidatorTest" time="0.106" errors="0" skipped="0">
  <properties>
[...]
</properties>
  <testcase classname="pricing.RentalFormValidatorTest" name="testIsPickupDayInRange" time="0.033"/>
  <testcase classname="pricing.RentalFormValidatorTest" name="testIsCustomerNumeric" time="0"/>
  <testcase classname="pricing.RentalFormValidatorTest" name="testIsCarTypeInRange" time="0"/>
  <testcase classname="pricing.RentalFormValidatorTest" name="testIsPickupDayNull" time="0"/>
  <testcase classname="pricing.RentalFormValidatorTest" name="testIsDropoffDayInRange" time="0.001"/>
  <testcase classname="pricing.RentalFormValidatorTest" name="testIsPickupHourNull" time="0.001"/>
  <testcase classname="pricing.RentalFormValidatorTest" name="testIsCustomerNull" time="0.002"/>
  <testcase classname="pricing.RentalFormValidatorTest" name="testIsDropoffYearInRange" time="0.001"/>
  <testcase classname="pricing.RentalFormValidatorTest" name="testIsDropoffYearNull" time="0"/>
  <testcase classname="pricing.RentalFormValidatorTest" name="testGetErrorCodes" time="0.001"/>
  <testcase classname="pricing.RentalFormValidatorTest" name="testIsDropoffMonthNull" time="0.001"/>
  <testcase classname="pricing.RentalFormValidatorTest" name="testIsCreditCardTypeInRange" time="0.001"/>
  <testcase classname="pricing.RentalFormValidatorTest" name="testIsCreditCardNoInRange" time="0"/>
  <testcase classname="pricing.RentalFormValidatorTest" name="testGetBean" time="0.005"/>
  <testcase classname="pricing.RentalFormValidatorTest" name="testSetErrorCodes" time="0.001"/>
  <testcase classname="pricing.RentalFormValidatorTest" name="testIsPickupYearInRange" time="0.005"/>
  <testcase classname="pricing.RentalFormValidatorTest" name="testIsDropoffHourInRange" time="0.002"/>
  <testcase classname="pricing.RentalFormValidatorTest" name="testIsPickupMonthInRange" time="0"/>
  <testcase classname="pricing.RentalFormValidatorTest" name="testIsCreditCardNoNull" time="0.001"/>
  <testcase classname="pricing.RentalFormValidatorTest" name="testIsDropoffHourNull" time="0.002"/>
  <testcase classname="pricing.RentalFormValidatorTest" name="testIsDropoffMonthInRange" time="0.001"/>
  <testcase classname="pricing.RentalFormValidatorTest" name="testIsCarTypeNull" time="0.006"/>
  <testcase classname="pricing.RentalFormValidatorTest" name="testIsPickupMonthNull" time="0"/>
  <testcase classname="pricing.RentalFormValidatorTest" name="testIsPickupHourInRange" time="0.001"/>
  <testcase classname="pricing.RentalFormValidatorTest" name="testIsCreditCardTypeNull" time="0.001"/>
  <testcase classname="pricing.RentalFormValidatorTest" name="testSetBean" time="0.003"/>
  <testcase classname="pricing.RentalFormValidatorTest" name="testIsValid" time="0.001"/>
  <testcase classname="pricing.RentalFormValidatorTest" name="testIsPickupYearNull" time="0.001"/>
  <testcase classname="pricing.RentalFormValidatorTest" name="testIsDropoffDayNull" time="0.001"/>
  <testcase classname="pricing.RentalFormValidatorTest" name="testIsCustomerNotNull" time="0.002"/>
</testsuite>